#
# A fatal error has been detected by the Java Runtime Environment:
#
#  EXCEPTION_ACCESS_VIOLATION (0xc0000005) at pc=0x0000000063b4ca73, pid=33568, tid=16804
#
# JRE version: Java(TM) SE Runtime Environment (10.0.2+13) (build 10.0.2+13)
# Java VM: Java HotSpot(TM) 64-Bit Server VM (10.0.2+13, mixed mode, tiered, compressed oops, g1 gc, windows-amd64)
# Problematic frame:
# C  [jnetpcap.dll+0xca73]
#
# No core dump will be written. Minidumps are not enabled by default on client versions of Windows
#
# If you would like to submit a bug report, please visit:
#   http://bugreport.java.com/bugreport/crash.jsp
# The crash happened outside the Java Virtual Machine in native code.
# See problematic frame for where to report the bug.
#

---------------  S U M M A R Y ------------

Command Line: -Dfile.encoding=UTF-8 Router.ApplicationLayer

Host: Intel(R) Core(TM) i7-6700 CPU @ 3.40GHz, 8 cores, 7G,  Windows 10 , 64 bit Build 17134 (10.0.17134.1)
Time: Mon Sep 10 15:28:28 2018 ¢¥eCN©öI¡¾©ö C¡ÍA¨ª¨öA elapsed time: 52 seconds (0d 0h 0m 52s)

---------------  T H R E A D  ---------------

Current thread (0x0000029609046800):  JavaThread "Thread-2" [_thread_in_native, id=16804, stack(0x000000f440700000,0x000000f440800000)]

Stack: [0x000000f440700000,0x000000f440800000],  sp=0x000000f4407fe450,  free space=1017k
Native frames: (J=compiled Java code, j=interpreted, Vv=VM code, C=native code)
C  [jnetpcap.dll+0xca73]

Java frames: (J=compiled Java code, j=interpreted, Vv=VM code)
j  org.jnetpcap.packet.JHeaderScanner.nativeScan(Lorg/jnetpcap/packet/JScan;)V+0
j  org.jnetpcap.packet.JHeaderScanner.scanHeader(Lorg/jnetpcap/packet/JScan;)V+27
v  ~StubRoutines::call_stub
j  org.jnetpcap.Pcap.loop(IILorg/jnetpcap/packet/PcapPacketHandler;Ljava/lang/Object;Lorg/jnetpcap/packet/JPacket;Lorg/jnetpcap/packet/JPacket$State;Lorg/jnetpcap/PcapHeader;Lorg/jnetpcap/packet/JScanner;)I+0
j  org.jnetpcap.Pcap.loop(ILorg/jnetpcap/packet/PcapPacketHandler;Ljava/lang/Object;)I+35
j  Router.Receive_Thread.run()V+19
j  java.lang.Thread.run()V+11 java.base@10.0.2
v  ~StubRoutines::call_stub

siginfo: EXCEPTION_ACCESS_VIOLATION (0xc0000005), reading address 0x0000000062a60000


Register to memory mapping:

RIP=0x0000000063b4ca73 jnetpcap.dll
RAX=0x0000000062a60000 is an unknown value
RBX=0x0000000061ffa0e6 jvm.dll
RCX=0x00000000623a8e17 jvm.dll
RDX=0x0000000040c2548b is an unknown value
RSP=0x000000f4407fe450 is pointing into the stack for thread: 0x0000029609046800
RBP=0x000000f4407fe4a0 is pointing into the stack for thread: 0x0000029609046800
RSI=0x0000000000000148 is an unknown value
RDI=0x000000000000164b is an unknown value
R8 =0x0000000000000042 is an unknown value
R9 =0x000000008711ae60 is an oop
org.jnetpcap.packet.JScan 
{0x000000008711ae60} - klass: 'org/jnetpcap/packet/JScan'
R10=0x0000000000000162 is an unknown value
R11=0x00000000629a6da0 jvm.dll
R12=0x0000000000000000 is an unknown value
R13={method} {0x000002960bb66d30} 'nativeScan' '(Lorg/jnetpcap/packet/JScan;)V' in 'org/jnetpcap/packet/JHeaderScanner'
R14=0x000000f4407fe590 is pointing into the stack for thread: 0x0000029609046800
R15=0x0000029609046800 is a thread


Registers:
RAX=0x0000000062a60000, RBX=0x0000000061ffa0e6, RCX=0x00000000623a8e17, RDX=0x0000000040c2548b
RSP=0x000000f4407fe450, RBP=0x000000f4407fe4a0, RSI=0x0000000000000148, RDI=0x000000000000164b
R8 =0x0000000000000042, R9 =0x000000008711ae60, R10=0x0000000000000162, R11=0x00000000629a6da0
R12=0x0000000000000000, R13=0x000002960bb66d28, R14=0x000000f4407fe590, R15=0x0000029609046800
RIP=0x0000000063b4ca73, EFLAGS=0x0000000000010202

Top of Stack: (sp=0x000000f4407fe450)
0x000000f4407fe450:   0f08508b4870244c 4808528b482c42b7
0x000000f4407fe460:   263278e840c2548b 004204c9058d4800
0x000000f4407fe470:   44894830245c8948 00000000623a8e17
0x000000f4407fe480:   0000000061ff9e50 00a65f1a40c2548b
0x000000f4407fe490:   00000296108cc020 000002960bb66d28
0x000000f4407fe4a0:   000000f4407fe4e0 0000000063b506dd
0x000000f4407fe4b0:   000000f440f1f210 000000f4407fe588
0x000000f4407fe4c0:   00000000000001d0 000000f4407fe590
0x000000f4407fe4d0:   0000000063b4c99c 000000f440f1f210
0x000000f4407fe4e0:   000000f4407fe568 000002966a6af317
0x000000f4407fe4f0:   0000029609046a70 000000f4407fe590
0x000000f4407fe500:   000000f4407fe588 000002960bb664b0
0x000000f4407fe510:   0000000000000000 000000f4407fe530
0x000000f4407fe520:   000000f4407fe520 0000000000000000
0x000000f4407fe530:   000000f4407fe590 000002960bb67a28
0x000000f4407fe540:   0000000000000000 000000008711b130 

Instructions: (pc=0x0000000063b4ca73)
0x0000000063b4ca53:   c8 89 45 e8 48 8b 45 10 8b 55 e8 89 50 50 c7 45
0x0000000063b4ca63:   ec 00 00 00 00 eb 5f 8b 45 ec 48 98 48 8d 04 03
0x0000000063b4ca73:   0f b6 00 3c 0d 75 4b 8b 45 ec 48 98 48 83 c0 01
0x0000000063b4ca83:   48 8d 04 03 0f b6 00 3c 0a 75 37 8b 45 ec 48 98 



---------------  P R O C E S S  ---------------

Threads class SMR info:
_java_thread_list=0x00000296022cdca0, length=22, elements={
0x000002967f000000, 0x000002967f00f000, 0x000002967f018800, 0x000002967f019000,
0x000002967f8fd800, 0x000002967f8fe000, 0x000002967f8ff800, 0x000002967f909800,
0x000002967f914800, 0x000002967fa71000, 0x000002967fa7b000, 0x000002960211b800,
0x0000029602145800, 0x0000029602139000, 0x000002960922b000, 0x0000029609919800,
0x0000029662eee800, 0x000002960a21b800, 0x00000296092a2000, 0x0000029609063800,
0x0000029609045000, 0x0000029609046800
}

Java Threads: ( => current thread )
  0x000002967f000000 JavaThread "Reference Handler" daemon [_thread_blocked, id=21276, stack(0x000000f43f800000,0x000000f43f900000)]
  0x000002967f00f000 JavaThread "Finalizer" daemon [_thread_blocked, id=27088, stack(0x000000f43f900000,0x000000f43fa00000)]
  0x000002967f018800 JavaThread "Signal Dispatcher" daemon [_thread_blocked, id=24708, stack(0x000000f43fa00000,0x000000f43fb00000)]
  0x000002967f019000 JavaThread "Attach Listener" daemon [_thread_blocked, id=1532, stack(0x000000f43fb00000,0x000000f43fc00000)]
  0x000002967f8fd800 JavaThread "C2 CompilerThread0" daemon [_thread_blocked, id=23140, stack(0x000000f43fc00000,0x000000f43fd00000)]
  0x000002967f8fe000 JavaThread "C2 CompilerThread1" daemon [_thread_blocked, id=20316, stack(0x000000f43fd00000,0x000000f43fe00000)]
  0x000002967f8ff800 JavaThread "C2 CompilerThread2" daemon [_thread_blocked, id=24400, stack(0x000000f43fe00000,0x000000f43ff00000)]
  0x000002967f909800 JavaThread "C1 CompilerThread3" daemon [_thread_blocked, id=35412, stack(0x000000f43ff00000,0x000000f440000000)]
  0x000002967f914800 JavaThread "Sweeper thread" daemon [_thread_blocked, id=28324, stack(0x000000f440000000,0x000000f440100000)]
  0x000002967fa71000 JavaThread "Service Thread" daemon [_thread_blocked, id=22416, stack(0x000000f440100000,0x000000f440200000)]
  0x000002967fa7b000 JavaThread "Common-Cleaner" daemon [_thread_blocked, id=32200, stack(0x000000f440200000,0x000000f440300000)]
  0x000002960211b800 JavaThread "Java2D Disposer" daemon [_thread_blocked, id=30592, stack(0x000000f440400000,0x000000f440500000)]
  0x0000029602145800 JavaThread "AWT-Shutdown" [_thread_blocked, id=33316, stack(0x000000f440500000,0x000000f440600000)]
  0x0000029602139000 JavaThread "AWT-Windows" daemon [_thread_in_native, id=21036, stack(0x000000f440600000,0x000000f440700000)]
  0x000002960922b000 JavaThread "AWT-EventQueue-0" [_thread_blocked, id=9824, stack(0x000000f440800000,0x000000f440900000)]
  0x0000029609919800 JavaThread "Thread-0" [_thread_blocked, id=25928, stack(0x000000f440900000,0x000000f440a00000)]
  0x0000029662eee800 JavaThread "DestroyJavaVM" [_thread_blocked, id=18904, stack(0x000000f43e200000,0x000000f43e300000)]
  0x000002960a21b800 JavaThread "D3D Screen Updater" daemon [_thread_blocked, id=14252, stack(0x000000f440c00000,0x000000f440d00000)]
  0x00000296092a2000 JavaThread "TimerQueue" daemon [_thread_blocked, id=33108, stack(0x000000f440d00000,0x000000f440e00000)]
  0x0000029609063800 JavaThread "Thread-1" [_thread_in_native, id=27012, stack(0x000000f440e20000,0x000000f440f20000)]
  0x0000029609045000 JavaThread "DisposableGC" daemon [_thread_blocked, id=31960, stack(0x000000f440f20000,0x000000f441020000)]
=>0x0000029609046800 JavaThread "Thread-2" [_thread_in_native, id=16804, stack(0x000000f440700000,0x000000f440800000)]

Other Threads:
  0x000002967efd0800 VMThread "VM Thread" [stack: 0x000000f43f700000,0x000000f43f800000] [id=29444]
  0x000002967fa7d800 WatcherThread [stack: 0x000000f440300000,0x000000f440400000] [id=18900]
  0x0000029662f07800 GCTaskThread "GC Thread#0" [stack: 0x000000f43e300000,0x000000f43e400000] [id=19736]
  0x0000029662f0a000 GCTaskThread "GC Thread#1" [stack: 0x000000f43e400000,0x000000f43e500000] [id=24876]
  0x0000029662f0e800 GCTaskThread "GC Thread#2" [stack: 0x000000f43e500000,0x000000f43e600000] [id=3536]
  0x0000029662f0f800 GCTaskThread "GC Thread#3" [stack: 0x000000f43e600000,0x000000f43e700000] [id=25180]
  0x0000029662f12800 GCTaskThread "GC Thread#4" [stack: 0x000000f43e700000,0x000000f43e800000] [id=21588]
  0x0000029662f18000 GCTaskThread "GC Thread#5" [stack: 0x000000f43e800000,0x000000f43e900000] [id=9016]
  0x0000029662f15000 GCTaskThread "GC Thread#6" [stack: 0x000000f43e900000,0x000000f43ea00000] [id=29532]
  0x0000029662f14800 GCTaskThread "GC Thread#7" [stack: 0x000000f43ea00000,0x000000f43eb00000] [id=17892]
  0x0000029662f9b000 ConcurrentGCThread "G1 Main Marker" [stack: 0x000000f43eb00000,0x000000f43ec00000] [id=30268]
  0x0000029662f16000 ConcurrentGCThread "G1 Conc#0" [stack: 0x000000f43ec00000,0x000000f43ed00000] [id=252]
  0x0000029662f16800 ConcurrentGCThread "G1 Conc#1" [stack: 0x000000f43ed00000,0x000000f43ee00000] [id=34768]
  0x000002967ee69800 ConcurrentGCThread "G1 Refine#0" [stack: 0x000000f43ee00000,0x000000f43ef00000] [id=33040]
  0x000002967ee6a000 ConcurrentGCThread "G1 Refine#1" [stack: 0x000000f43ef00000,0x000000f43f000000] [id=24672]
  0x000002967ee6b800 ConcurrentGCThread "G1 Refine#2" [stack: 0x000000f43f000000,0x000000f43f100000] [id=34616]
  0x000002967ee6e800 ConcurrentGCThread "G1 Refine#3" [stack: 0x000000f43f100000,0x000000f43f200000] [id=8604]
  0x000002967ee78000 ConcurrentGCThread "G1 Refine#4" [stack: 0x000000f43f200000,0x000000f43f300000] [id=27248]
  0x000002967ee7e000 ConcurrentGCThread "G1 Refine#5" [stack: 0x000000f43f300000,0x000000f43f400000] [id=35836]
  0x000002967ee7e800 ConcurrentGCThread "G1 Refine#6" [stack: 0x000000f43f400000,0x000000f43f500000] [id=30960]
  0x000002967ee87000 ConcurrentGCThread "G1 Refine#7" [stack: 0x000000f43f500000,0x000000f43f600000] [id=35652]
  0x000002967ee88000 ConcurrentGCThread "G1 Young RemSet Sampling" [stack: 0x000000f43f600000,0x000000f43f700000] [id=13332]

Threads with active compile tasks:

VM state:not at safepoint (normal execution)

VM Mutex/Monitor currently owned by a thread: None

Heap address: 0x0000000080a00000, size: 2038 MB, Compressed Oops mode: 32-bit
Narrow klass base: 0x0000000000000000, Narrow klass shift: 3
Compressed class space size: 1073741824 Address: 0x0000000100000000

Heap:
 garbage-first heap   total 131072K, used 39624K [0x0000000080a00000, 0x0000000100000000)
  region size 1024K, 39 young (39936K), 3 survivors (3072K)
 Metaspace       used 18445K, capacity 18854K, committed 19072K, reserved 1067008K
  class space    used 2170K, capacity 2369K, committed 2432K, reserved 1048576K
Heap Regions: E=young(eden), S=young(survivor), O=old, HS=humongous(starts), HC=humongous(continues), CS=collection set, F=free, A=archive, TS=gc time stamp, AC=allocation context, TAMS=top-at-mark-start (previous, next)
|   0|0x0000000080a00000, 0x0000000080ab2000, 0x0000000080b00000| 69%| O|  |TS  1|AC  0|TAMS 0x0000000080a00000, 0x0000000080a00000|
|   1|0x0000000080b00000, 0x0000000080b00000, 0x0000000080c00000|  0%| F|  |TS  0|AC  0|TAMS 0x0000000080b00000, 0x0000000080b00000|
|   2|0x0000000080c00000, 0x0000000080c00000, 0x0000000080d00000|  0%| F|  |TS  0|AC  0|TAMS 0x0000000080c00000, 0x0000000080c00000|
|   3|0x0000000080d00000, 0x0000000080d00000, 0x0000000080e00000|  0%| F|  |TS  0|AC  0|TAMS 0x0000000080d00000, 0x0000000080d00000|
|   4|0x0000000080e00000, 0x0000000080e00000, 0x0000000080f00000|  0%| F|  |TS  0|AC  0|TAMS 0x0000000080e00000, 0x0000000080e00000|
|   5|0x0000000080f00000, 0x0000000080f00000, 0x0000000081000000|  0%| F|  |TS  0|AC  0|TAMS 0x0000000080f00000, 0x0000000080f00000|
|   6|0x0000000081000000, 0x0000000081000000, 0x0000000081100000|  0%| F|  |TS  0|AC  0|TAMS 0x0000000081000000, 0x0000000081000000|
|   7|0x0000000081100000, 0x0000000081100000, 0x0000000081200000|  0%| F|  |TS  0|AC  0|TAMS 0x0000000081100000, 0x0000000081100000|
|   8|0x0000000081200000, 0x0000000081200000, 0x0000000081300000|  0%| F|  |TS  0|AC  0|TAMS 0x0000000081200000, 0x0000000081200000|
|   9|0x0000000081300000, 0x0000000081300000, 0x0000000081400000|  0%| F|  |TS  0|AC  0|TAMS 0x0000000081300000, 0x0000000081300000|
|  10|0x0000000081400000, 0x0000000081400000, 0x0000000081500000|  0%| F|  |TS  0|AC  0|TAMS 0x0000000081400000, 0x0000000081400000|
|  11|0x0000000081500000, 0x0000000081500000, 0x0000000081600000|  0%| F|  |TS  0|AC  0|TAMS 0x0000000081500000, 0x0000000081500000|
|  12|0x0000000081600000, 0x0000000081600000, 0x0000000081700000|  0%| F|  |TS  0|AC  0|TAMS 0x0000000081600000, 0x0000000081600000|
|  13|0x0000000081700000, 0x0000000081700000, 0x0000000081800000|  0%| F|  |TS  0|AC  0|TAMS 0x0000000081700000, 0x0000000081700000|
|  14|0x0000000081800000, 0x0000000081800000, 0x0000000081900000|  0%| F|  |TS  0|AC  0|TAMS 0x0000000081800000, 0x0000000081800000|
|  15|0x0000000081900000, 0x0000000081900000, 0x0000000081a00000|  0%| F|  |TS  0|AC  0|TAMS 0x0000000081900000, 0x0000000081900000|
|  16|0x0000000081a00000, 0x0000000081a00000, 0x0000000081b00000|  0%| F|  |TS  0|AC  0|TAMS 0x0000000081a00000, 0x0000000081a00000|
|  17|0x0000000081b00000, 0x0000000081b00000, 0x0000000081c00000|  0%| F|  |TS  0|AC  0|TAMS 0x0000000081b00000, 0x0000000081b00000|
|  18|0x0000000081c00000, 0x0000000081c00000, 0x0000000081d00000|  0%| F|  |TS  0|AC  0|TAMS 0x0000000081c00000, 0x0000000081c00000|
|  19|0x0000000081d00000, 0x0000000081d00000, 0x0000000081e00000|  0%| F|  |TS  0|AC  0|TAMS 0x0000000081d00000, 0x0000000081d00000|
|  20|0x0000000081e00000, 0x0000000081e00000, 0x0000000081f00000|  0%| F|  |TS  0|AC  0|TAMS 0x0000000081e00000, 0x0000000081e00000|
|  21|0x0000000081f00000, 0x0000000081f00000, 0x0000000082000000|  0%| F|  |TS  0|AC  0|TAMS 0x0000000081f00000, 0x0000000081f00000|
|  22|0x0000000082000000, 0x0000000082000000, 0x0000000082100000|  0%| F|  |TS  0|AC  0|TAMS 0x0000000082000000, 0x0000000082000000|
|  23|0x0000000082100000, 0x0000000082100000, 0x0000000082200000|  0%| F|  |TS  0|AC  0|TAMS 0x0000000082100000, 0x0000000082100000|
|  24|0x0000000082200000, 0x0000000082200000, 0x0000000082300000|  0%| F|  |TS  0|AC  0|TAMS 0x0000000082200000, 0x0000000082200000|
|  25|0x0000000082300000, 0x0000000082300000, 0x0000000082400000|  0%| F|  |TS  0|AC  0|TAMS 0x0000000082300000, 0x0000000082300000|
|  26|0x0000000082400000, 0x0000000082400000, 0x0000000082500000|  0%| F|  |TS  0|AC  0|TAMS 0x0000000082400000, 0x0000000082400000|
|  27|0x0000000082500000, 0x0000000082500000, 0x0000000082600000|  0%| F|  |TS  0|AC  0|TAMS 0x0000000082500000, 0x0000000082500000|
|  28|0x0000000082600000, 0x0000000082600000, 0x0000000082700000|  0%| F|  |TS  0|AC  0|TAMS 0x0000000082600000, 0x0000000082600000|
|  29|0x0000000082700000, 0x0000000082700000, 0x0000000082800000|  0%| F|  |TS  0|AC  0|TAMS 0x0000000082700000, 0x0000000082700000|
|  30|0x0000000082800000, 0x0000000082800000, 0x0000000082900000|  0%| F|  |TS  0|AC  0|TAMS 0x0000000082800000, 0x0000000082800000|
|  31|0x0000000082900000, 0x0000000082900000, 0x0000000082a00000|  0%| F|  |TS  0|AC  0|TAMS 0x0000000082900000, 0x0000000082900000|
|  32|0x0000000082a00000, 0x0000000082a00000, 0x0000000082b00000|  0%| F|  |TS  0|AC  0|TAMS 0x0000000082a00000, 0x0000000082a00000|
|  33|0x0000000082b00000, 0x0000000082b00000, 0x0000000082c00000|  0%| F|  |TS  0|AC  0|TAMS 0x0000000082b00000, 0x0000000082b00000|
|  34|0x0000000082c00000, 0x0000000082c00000, 0x0000000082d00000|  0%| F|  |TS  0|AC  0|TAMS 0x0000000082c00000, 0x0000000082c00000|
|  35|0x0000000082d00000, 0x0000000082d00000, 0x0000000082e00000|  0%| F|  |TS  0|AC  0|TAMS 0x0000000082d00000, 0x0000000082d00000|
|  36|0x0000000082e00000, 0x0000000082e00000, 0x0000000082f00000|  0%| F|  |TS  0|AC  0|TAMS 0x0000000082e00000, 0x0000000082e00000|
|  37|0x0000000082f00000, 0x0000000082f00000, 0x0000000083000000|  0%| F|  |TS  0|AC  0|TAMS 0x0000000082f00000, 0x0000000082f00000|
|  38|0x0000000083000000, 0x0000000083000000, 0x0000000083100000|  0%| F|  |TS  0|AC  0|TAMS 0x0000000083000000, 0x0000000083000000|
|  39|0x0000000083100000, 0x0000000083100000, 0x0000000083200000|  0%| F|  |TS  0|AC  0|TAMS 0x0000000083100000, 0x0000000083100000|
|  40|0x0000000083200000, 0x0000000083200000, 0x0000000083300000|  0%| F|  |TS  0|AC  0|TAMS 0x0000000083200000, 0x0000000083200000|
|  41|0x0000000083300000, 0x0000000083300000, 0x0000000083400000|  0%| F|  |TS  0|AC  0|TAMS 0x0000000083300000, 0x0000000083300000|
|  42|0x0000000083400000, 0x0000000083400000, 0x0000000083500000|  0%| F|  |TS  0|AC  0|TAMS 0x0000000083400000, 0x0000000083400000|
|  43|0x0000000083500000, 0x0000000083500000, 0x0000000083600000|  0%| F|  |TS  0|AC  0|TAMS 0x0000000083500000, 0x0000000083500000|
|  44|0x0000000083600000, 0x0000000083600000, 0x0000000083700000|  0%| F|  |TS  0|AC  0|TAMS 0x0000000083600000, 0x0000000083600000|
|  45|0x0000000083700000, 0x0000000083700000, 0x0000000083800000|  0%| F|  |TS  0|AC  0|TAMS 0x0000000083700000, 0x0000000083700000|
|  46|0x0000000083800000, 0x0000000083800000, 0x0000000083900000|  0%| F|  |TS  0|AC  0|TAMS 0x0000000083800000, 0x0000000083800000|
|  47|0x0000000083900000, 0x0000000083900000, 0x0000000083a00000|  0%| F|  |TS  0|AC  0|TAMS 0x0000000083900000, 0x0000000083900000|
|  48|0x0000000083a00000, 0x0000000083a00000, 0x0000000083b00000|  0%| F|  |TS  0|AC  0|TAMS 0x0000000083a00000, 0x0000000083a00000|
|  49|0x0000000083b00000, 0x0000000083b00000, 0x0000000083c00000|  0%| F|  |TS  0|AC  0|TAMS 0x0000000083b00000, 0x0000000083b00000|
|  50|0x0000000083c00000, 0x0000000083c00000, 0x0000000083d00000|  0%| F|  |TS  0|AC  0|TAMS 0x0000000083c00000, 0x0000000083c00000|
|  51|0x0000000083d00000, 0x0000000083d00000, 0x0000000083e00000|  0%| F|  |TS  0|AC  0|TAMS 0x0000000083d00000, 0x0000000083d00000|
|  52|0x0000000083e00000, 0x0000000083e00000, 0x0000000083f00000|  0%| F|  |TS  0|AC  0|TAMS 0x0000000083e00000, 0x0000000083e00000|
|  53|0x0000000083f00000, 0x0000000083f00000, 0x0000000084000000|  0%| F|  |TS  0|AC  0|TAMS 0x0000000083f00000, 0x0000000083f00000|
|  54|0x0000000084000000, 0x0000000084000000, 0x0000000084100000|  0%| F|  |TS  0|AC  0|TAMS 0x0000000084000000, 0x0000000084000000|
|  55|0x0000000084100000, 0x0000000084100000, 0x0000000084200000|  0%| F|  |TS  0|AC  0|TAMS 0x0000000084100000, 0x0000000084100000|
|  56|0x0000000084200000, 0x0000000084200000, 0x0000000084300000|  0%| F|  |TS  0|AC  0|TAMS 0x0000000084200000, 0x0000000084200000|
|  57|0x0000000084300000, 0x0000000084300000, 0x0000000084400000|  0%| F|  |TS  0|AC  0|TAMS 0x0000000084300000, 0x0000000084300000|
|  58|0x0000000084400000, 0x0000000084400000, 0x0000000084500000|  0%| F|  |TS  0|AC  0|TAMS 0x0000000084400000, 0x0000000084400000|
|  59|0x0000000084500000, 0x0000000084500000, 0x0000000084600000|  0%| F|  |TS  0|AC  0|TAMS 0x0000000084500000, 0x0000000084500000|
|  60|0x0000000084600000, 0x0000000084600000, 0x0000000084700000|  0%| F|  |TS  0|AC  0|TAMS 0x0000000084600000, 0x0000000084600000|
|  61|0x0000000084700000, 0x0000000084700000, 0x0000000084800000|  0%| F|  |TS  0|AC  0|TAMS 0x0000000084700000, 0x0000000084700000|
|  62|0x0000000084800000, 0x0000000084800000, 0x0000000084900000|  0%| F|  |TS  0|AC  0|TAMS 0x0000000084800000, 0x0000000084800000|
|  63|0x0000000084900000, 0x0000000084900000, 0x0000000084a00000|  0%| F|  |TS  0|AC  0|TAMS 0x0000000084900000, 0x0000000084900000|
|  64|0x0000000084a00000, 0x0000000084a00000, 0x0000000084b00000|  0%| F|  |TS  0|AC  0|TAMS 0x0000000084a00000, 0x0000000084a00000|
|  65|0x0000000084b00000, 0x0000000084b00000, 0x0000000084c00000|  0%| F|  |TS  0|AC  0|TAMS 0x0000000084b00000, 0x0000000084b00000|
|  66|0x0000000084c00000, 0x0000000084c00000, 0x0000000084d00000|  0%| F|  |TS  0|AC  0|TAMS 0x0000000084c00000, 0x0000000084c00000|
|  67|0x0000000084d00000, 0x0000000084d00000, 0x0000000084e00000|  0%| F|  |TS  0|AC  0|TAMS 0x0000000084d00000, 0x0000000084d00000|
|  68|0x0000000084e00000, 0x0000000084e00000, 0x0000000084f00000|  0%| F|  |TS  0|AC  0|TAMS 0x0000000084e00000, 0x0000000084e00000|
|  69|0x0000000084f00000, 0x0000000084f00000, 0x0000000085000000|  0%| F|  |TS  0|AC  0|TAMS 0x0000000084f00000, 0x0000000084f00000|
|  70|0x0000000085000000, 0x0000000085000000, 0x0000000085100000|  0%| F|  |TS  0|AC  0|TAMS 0x0000000085000000, 0x0000000085000000|
|  71|0x0000000085100000, 0x0000000085100000, 0x0000000085200000|  0%| F|  |TS  0|AC  0|TAMS 0x0000000085100000, 0x0000000085100000|
|  72|0x0000000085200000, 0x0000000085200000, 0x0000000085300000|  0%| F|  |TS  0|AC  0|TAMS 0x0000000085200000, 0x0000000085200000|
|  73|0x0000000085300000, 0x0000000085300000, 0x0000000085400000|  0%| F|  |TS  0|AC  0|TAMS 0x0000000085300000, 0x0000000085300000|
|  74|0x0000000085400000, 0x0000000085400000, 0x0000000085500000|  0%| F|  |TS  0|AC  0|TAMS 0x0000000085400000, 0x0000000085400000|
|  75|0x0000000085500000, 0x0000000085500000, 0x0000000085600000|  0%| F|  |TS  0|AC  0|TAMS 0x0000000085500000, 0x0000000085500000|
|  76|0x0000000085600000, 0x0000000085600000, 0x0000000085700000|  0%| F|  |TS  0|AC  0|TAMS 0x0000000085600000, 0x0000000085600000|
|  77|0x0000000085700000, 0x0000000085700000, 0x0000000085800000|  0%| F|  |TS  0|AC  0|TAMS 0x0000000085700000, 0x0000000085700000|
|  78|0x0000000085800000, 0x0000000085800000, 0x0000000085900000|  0%| F|  |TS  0|AC  0|TAMS 0x0000000085800000, 0x0000000085800000|
|  79|0x0000000085900000, 0x0000000085900000, 0x0000000085a00000|  0%| F|  |TS  0|AC  0|TAMS 0x0000000085900000, 0x0000000085900000|
|  80|0x0000000085a00000, 0x0000000085a00000, 0x0000000085b00000|  0%| F|  |TS  0|AC  0|TAMS 0x0000000085a00000, 0x0000000085a00000|
|  81|0x0000000085b00000, 0x0000000085b00000, 0x0000000085c00000|  0%| F|  |TS  0|AC  0|TAMS 0x0000000085b00000, 0x0000000085b00000|
|  82|0x0000000085c00000, 0x0000000085c00000, 0x0000000085d00000|  0%| F|  |TS  0|AC  0|TAMS 0x0000000085c00000, 0x0000000085c00000|
|  83|0x0000000085d00000, 0x0000000085d00000, 0x0000000085e00000|  0%| F|  |TS  0|AC  0|TAMS 0x0000000085d00000, 0x0000000085d00000|
|  84|0x0000000085e00000, 0x0000000085e00000, 0x0000000085f00000|  0%| F|  |TS  0|AC  0|TAMS 0x0000000085e00000, 0x0000000085e00000|
|  85|0x0000000085f00000, 0x0000000085f00000, 0x0000000086000000|  0%| F|  |TS  0|AC  0|TAMS 0x0000000085f00000, 0x0000000085f00000|
|  86|0x0000000086000000, 0x0000000086000000, 0x0000000086100000|  0%| F|  |TS  0|AC  0|TAMS 0x0000000086000000, 0x0000000086000000|
|  87|0x0000000086100000, 0x0000000086100000, 0x0000000086200000|  0%| F|  |TS  0|AC  0|TAMS 0x0000000086100000, 0x0000000086100000|
|  88|0x0000000086200000, 0x0000000086200000, 0x0000000086300000|  0%| F|  |TS  0|AC  0|TAMS 0x0000000086200000, 0x0000000086200000|
|  89|0x0000000086300000, 0x0000000086380800, 0x0000000086400000| 50%| E|  |TS  0|AC  0|TAMS 0x0000000086300000, 0x0000000086300000|
|  90|0x0000000086400000, 0x0000000086500000, 0x0000000086500000|100%| E|CS|TS  0|AC  0|TAMS 0x0000000086400000, 0x0000000086400000|
|  91|0x0000000086500000, 0x0000000086600000, 0x0000000086600000|100%| E|CS|TS  0|AC  0|TAMS 0x0000000086500000, 0x0000000086500000|
|  92|0x0000000086600000, 0x0000000086700000, 0x0000000086700000|100%| E|CS|TS  0|AC  0|TAMS 0x0000000086600000, 0x0000000086600000|
|  93|0x0000000086700000, 0x0000000086800000, 0x0000000086800000|100%| E|CS|TS  0|AC  0|TAMS 0x0000000086700000, 0x0000000086700000|
|  94|0x0000000086800000, 0x0000000086900000, 0x0000000086900000|100%| E|CS|TS  0|AC  0|TAMS 0x0000000086800000, 0x0000000086800000|
|  95|0x0000000086900000, 0x0000000086a00000, 0x0000000086a00000|100%| E|CS|TS  0|AC  0|TAMS 0x0000000086900000, 0x0000000086900000|
|  96|0x0000000086a00000, 0x0000000086b00000, 0x0000000086b00000|100%| E|CS|TS  0|AC  0|TAMS 0x0000000086a00000, 0x0000000086a00000|
|  97|0x0000000086b00000, 0x0000000086c00000, 0x0000000086c00000|100%| E|CS|TS  0|AC  0|TAMS 0x0000000086b00000, 0x0000000086b00000|
|  98|0x0000000086c00000, 0x0000000086d00000, 0x0000000086d00000|100%| E|CS|TS  0|AC  0|TAMS 0x0000000086c00000, 0x0000000086c00000|
|  99|0x0000000086d00000, 0x0000000086e00000, 0x0000000086e00000|100%| E|CS|TS  0|AC  0|TAMS 0x0000000086d00000, 0x0000000086d00000|
| 100|0x0000000086e00000, 0x0000000086f00000, 0x0000000086f00000|100%| E|CS|TS  0|AC  0|TAMS 0x0000000086e00000, 0x0000000086e00000|
| 101|0x0000000086f00000, 0x0000000087000000, 0x0000000087000000|100%| S|CS|TS  1|AC  0|TAMS 0x0000000086f00000, 0x0000000086f00000|
| 102|0x0000000087000000, 0x0000000087100000, 0x0000000087100000|100%| S|CS|TS  1|AC  0|TAMS 0x0000000087000000, 0x0000000087000000|
| 103|0x0000000087100000, 0x0000000087200000, 0x0000000087200000|100%| S|CS|TS  1|AC  0|TAMS 0x0000000087100000, 0x0000000087100000|
| 104|0x0000000087200000, 0x0000000087300000, 0x0000000087300000|100%| E|CS|TS  1|AC  0|TAMS 0x0000000087200000, 0x0000000087200000|
| 105|0x0000000087300000, 0x0000000087400000, 0x0000000087400000|100%| E|CS|TS  1|AC  0|TAMS 0x0000000087300000, 0x0000000087300000|
| 106|0x0000000087400000, 0x0000000087500000, 0x0000000087500000|100%| E|CS|TS  1|AC  0|TAMS 0x0000000087400000, 0x0000000087400000|
| 107|0x0000000087500000, 0x0000000087600000, 0x0000000087600000|100%| E|CS|TS  1|AC  0|TAMS 0x0000000087500000, 0x0000000087500000|
| 108|0x0000000087600000, 0x0000000087700000, 0x0000000087700000|100%| E|CS|TS  1|AC  0|TAMS 0x0000000087600000, 0x0000000087600000|
| 109|0x0000000087700000, 0x0000000087800000, 0x0000000087800000|100%| E|CS|TS  1|AC  0|TAMS 0x0000000087700000, 0x0000000087700000|
| 110|0x0000000087800000, 0x0000000087900000, 0x0000000087900000|100%| E|CS|TS  1|AC  0|TAMS 0x0000000087800000, 0x0000000087800000|
| 111|0x0000000087900000, 0x0000000087a00000, 0x0000000087a00000|100%| E|CS|TS  1|AC  0|TAMS 0x0000000087900000, 0x0000000087900000|
| 112|0x0000000087a00000, 0x0000000087b00000, 0x0000000087b00000|100%| E|CS|TS  1|AC  0|TAMS 0x0000000087a00000, 0x0000000087a00000|
| 113|0x0000000087b00000, 0x0000000087c00000, 0x0000000087c00000|100%| E|CS|TS  1|AC  0|TAMS 0x0000000087b00000, 0x0000000087b00000|
| 114|0x0000000087c00000, 0x0000000087d00000, 0x0000000087d00000|100%| E|CS|TS  1|AC  0|TAMS 0x0000000087c00000, 0x0000000087c00000|
| 115|0x0000000087d00000, 0x0000000087e00000, 0x0000000087e00000|100%| E|CS|TS  1|AC  0|TAMS 0x0000000087d00000, 0x0000000087d00000|
| 116|0x0000000087e00000, 0x0000000087f00000, 0x0000000087f00000|100%| E|CS|TS  1|AC  0|TAMS 0x0000000087e00000, 0x0000000087e00000|
| 117|0x0000000087f00000, 0x0000000088000000, 0x0000000088000000|100%| E|CS|TS  1|AC  0|TAMS 0x0000000087f00000, 0x0000000087f00000|
| 118|0x0000000088000000, 0x0000000088100000, 0x0000000088100000|100%| E|CS|TS  1|AC  0|TAMS 0x0000000088000000, 0x0000000088000000|
| 119|0x0000000088100000, 0x0000000088200000, 0x0000000088200000|100%| E|CS|TS  1|AC  0|TAMS 0x0000000088100000, 0x0000000088100000|
| 120|0x0000000088200000, 0x0000000088300000, 0x0000000088300000|100%| E|CS|TS  1|AC  0|TAMS 0x0000000088200000, 0x0000000088200000|
| 121|0x0000000088300000, 0x0000000088400000, 0x0000000088400000|100%| E|CS|TS  1|AC  0|TAMS 0x0000000088300000, 0x0000000088300000|
| 122|0x0000000088400000, 0x0000000088500000, 0x0000000088500000|100%| E|CS|TS  1|AC  0|TAMS 0x0000000088400000, 0x0000000088400000|
| 123|0x0000000088500000, 0x0000000088600000, 0x0000000088600000|100%| E|CS|TS  1|AC  0|TAMS 0x0000000088500000, 0x0000000088500000|
| 124|0x0000000088600000, 0x0000000088700000, 0x0000000088700000|100%| E|CS|TS  1|AC  0|TAMS 0x0000000088600000, 0x0000000088600000|
| 125|0x0000000088700000, 0x0000000088800000, 0x0000000088800000|100%| E|CS|TS  1|AC  0|TAMS 0x0000000088700000, 0x0000000088700000|
| 126|0x0000000088800000, 0x0000000088900000, 0x0000000088900000|100%| E|CS|TS  1|AC  0|TAMS 0x0000000088800000, 0x0000000088800000|
| 127|0x0000000088900000, 0x0000000088a00000, 0x0000000088a00000|100%| E|CS|TS  1|AC  0|TAMS 0x0000000088900000, 0x0000000088900000|

Card table byte_map: [0x0000029679de0000,0x000002967a1e0000] byte_map_base: 0x00000296799db000

Marking Bits (Prev, Next): (CMBitMap*) 0x0000029662f9a420, (CMBitMap*) 0x0000029662f9a458
 Prev Bits: [0x000002967a5e0000, 0x000002967c5b8000)
 Next Bits: [0x000002967c5c0000, 0x000002967e598000)

Polling page: 0x0000029660a60000

CodeHeap 'non-profiled nmethods': size=120000Kb used=1282Kb max_used=1282Kb free=118717Kb
 bounds [0x0000029672170000, 0x00000296723e0000, 0x00000296796a0000]
CodeHeap 'profiled nmethods': size=120000Kb used=5263Kb max_used=5263Kb free=114736Kb
 bounds [0x000002966ac40000, 0x000002966b170000, 0x0000029672170000]
CodeHeap 'non-nmethods': size=5760Kb used=1224Kb max_used=1271Kb free=4535Kb
 bounds [0x000002966a6a0000, 0x000002966a910000, 0x000002966ac40000]
 total_blobs=3941 nmethods=2729 adapters=511
 compilation: enabled

Compilation events (10 events):
Event: 51.571 Thread 0x000002967f909800 2725       3       javax.swing.RepaintManager::paint (93 bytes)
Event: 51.572 Thread 0x000002967f909800 nmethod 2725 0x000002966b162610 code [0x000002966b162840, 0x000002966b163140]
Event: 51.957 Thread 0x000002967f8fe000 2728       4       java.util.ArrayList::<init> (12 bytes)
Event: 51.957 Thread 0x000002967f909800 2727       3       java.lang.String::split (7 bytes)
Event: 51.957 Thread 0x000002967f909800 nmethod 2727 0x000002966b163410 code [0x000002966b1635c0, 0x000002966b163750]
Event: 51.957 Thread 0x000002967f8fe000 nmethod 2728 0x00000296722afd90 code [0x00000296722aff20, 0x00000296722b0078]
Event: 52.072 Thread 0x000002967f909800 2729       3       java.util.concurrent.atomic.AtomicInteger::<init> (10 bytes)
Event: 52.072 Thread 0x000002967f909800 nmethod 2729 0x000002966b163810 code [0x000002966b1639c0, 0x000002966b163bd8]
Event: 52.715 Thread 0x000002967f8ff800 2730       4       java.util.HashMap::clear (50 bytes)
Event: 52.720 Thread 0x000002967f8ff800 nmethod 2730 0x00000296722b0110 code [0x00000296722b02a0, 0x00000296722b07b8]

GC Heap History (2 events):
Event: 26.074 GC heap before
{Heap before GC invocations=0 (full 0):
 garbage-first heap   total 131072K, used 24576K [0x0000000080a00000, 0x0000000100000000)
  region size 1024K, 24 young (24576K), 0 survivors (0K)
 Metaspace       used 18222K, capacity 18640K, committed 18816K, reserved 1064960K
  class space    used 2167K, capacity 2366K, committed 2432K, reserved 1048576K
}
Event: 26.079 GC heap after
{Heap after GC invocations=1 (full 0):
 garbage-first heap   total 131072K, used 3784K [0x0000000080a00000, 0x0000000100000000)
  region size 1024K, 3 young (3072K), 3 survivors (3072K)
 Metaspace       used 18222K, capacity 18640K, committed 18816K, reserved 1064960K
  class space    used 2167K, capacity 2366K, committed 2432K, reserved 1048576K
}

Deoptimization events (10 events):
Event: 20.216 Thread 0x0000029609063800 Uncommon trap: reason=class_check action=maybe_recompile pc=0x000002967220835c method=java.util.HashMap.putVal(ILjava/lang/Object;Ljava/lang/Object;ZZ)Ljava/lang/Object; @ 253 c2
Event: 20.216 Thread 0x0000029609063800 Uncommon trap: reason=class_check action=maybe_recompile pc=0x00000296722083a0 method=java.util.HashMap.putVal(ILjava/lang/Object;Ljava/lang/Object;ZZ)Ljava/lang/Object; @ 203 c2
Event: 20.369 Thread 0x000002960922b000 Uncommon trap: reason=class_check action=maybe_recompile pc=0x00000296721f4894 method=jdk.internal.logger.AbstractLoggerWrapper.isLoggable(Lsun/util/logging/PlatformLogger$Level;)Z @ 20 c2
Event: 20.370 Thread 0x000002960922b000 Uncommon trap: reason=class_check action=maybe_recompile pc=0x00000296721f4894 method=jdk.internal.logger.AbstractLoggerWrapper.isLoggable(Lsun/util/logging/PlatformLogger$Level;)Z @ 20 c2
Event: 20.370 Thread 0x000002960922b000 Uncommon trap: reason=class_check action=maybe_recompile pc=0x00000296721f4894 method=jdk.internal.logger.AbstractLoggerWrapper.isLoggable(Lsun/util/logging/PlatformLogger$Level;)Z @ 20 c2
Event: 20.370 Thread 0x000002960922b000 Uncommon trap: reason=class_check action=maybe_recompile pc=0x00000296721f4894 method=jdk.internal.logger.AbstractLoggerWrapper.isLoggable(Lsun/util/logging/PlatformLogger$Level;)Z @ 20 c2
Event: 26.103 Thread 0x0000029609045000 Uncommon trap: reason=unstable_if action=reinterpret pc=0x00000296721d87f4 method=java.lang.ref.SoftReference.get()Ljava/lang/Object; @ 17 c2
Event: 40.710 Thread 0x000002960922b000 Uncommon trap: reason=unstable_if action=reinterpret pc=0x000002967226b140 method=java.util.Locale.equals(Ljava/lang/Object;)Z @ 2 c2
Event: 47.189 Thread 0x0000029609063800 Uncommon trap: reason=predicate action=maybe_recompile pc=0x00000296722538d4 method=java.util.regex.Pattern$Slice.match(Ljava/util/regex/Matcher;ILjava/lang/CharSequence;)Z @ 21 c2
Event: 47.189 Thread 0x0000029609046800 Uncommon trap: reason=predicate action=maybe_recompile pc=0x00000296722538d4 method=java.util.regex.Pattern$Slice.match(Ljava/util/regex/Matcher;ILjava/lang/CharSequence;)Z @ 21 c2

Classes redefined (0 events):
No events

Internal exceptions (10 events):
Event: 0.582 Thread 0x0000029662eee800 Exception <a 'java/lang/NoSuchMethodError'{0x0000000087fb4c80}: java.lang.invoke.DirectMethodHandle$Holder.invokeStatic(Ljava/lang/Object;Ljava/lang/Object;Ljava/lang/Object;Ljava/lang/Object;Ljava/lang/Object;Ljava/lang/Object;Ljava/lang/Object;Ljava/lan
Event: 0.583 Thread 0x0000029662eee800 Exception <a 'java/lang/NoSuchMethodError'{0x0000000087fd5270}: java.lang.invoke.DirectMethodHandle$Holder.invokeStatic(Ljava/lang/Object;Ljava/lang/Object;Ljava/lang/Object;Ljava/lang/Object;Ljava/lang/Object;Ljava/lang/Object;Ljava/lang/Object;Ljava/lan
Event: 0.584 Thread 0x0000029662eee800 Exception <a 'java/lang/NoSuchMethodError'{0x0000000087ff6c20}: java.lang.invoke.DirectMethodHandle$Holder.invokeStatic(Ljava/lang/Object;Ljava/lang/Object;Ljava/lang/Object;Ljava/lang/Object;Ljava/lang/Object;Ljava/lang/Object;Ljava/lang/Object;Ljava/lan
Event: 0.585 Thread 0x0000029662eee800 Exception <a 'java/lang/NoSuchMethodError'{0x0000000087e1a448}: java.lang.invoke.DirectMethodHandle$Holder.invokeStatic(Ljava/lang/Object;Ljava/lang/Object;Ljava/lang/Object;Ljava/lang/Object;Ljava/lang/Object;Ljava/lang/Object;Ljava/lang/Object;Ljava/lan
Event: 0.683 Thread 0x000002960922b000 Exception <a 'java/lang/NoSuchMethodError'{0x00000000881e7900}: java.lang.invoke.DirectMethodHandle$Holder.invokeStaticInit(Ljava/lang/Object;)V> (0x00000000881e7900) thrown at [t:/workspace/open/src/hotspot/share/interpreter/linkResolver.cpp, line 741]
Event: 20.150 Thread 0x0000029609063800 Exception <a 'java/lang/NoSuchMethodError'{0x0000000087a602e8}: java.lang.Object.lambda$union$2(Ljava/util/regex/Pattern$CharPredicate;I)Z> (0x0000000087a602e8) thrown at [t:/workspace/open/src/hotspot/share/interpreter/linkResolver.cpp, line 741]
Event: 20.171 Thread 0x0000029609063800 Exception <a 'org/jnetpcap/packet/UnregisteredHeaderException'{0x0000000087932838}: native scanner not registered under ID=15 (WEB_IMAGE)> (0x0000000087932838) thrown at [t:/workspace/open/src/hotspot/share/prims/jni.cpp, line 632]
Event: 20.180 Thread 0x0000029609063800 Exception <a 'java/lang/NoSuchMethodError'{0x000000008796eae0}: method resolution failed> (0x000000008796eae0) thrown at [t:/workspace/open/src/hotspot/share/prims/methodHandles.cpp, line 1226]
Event: 20.182 Thread 0x0000029609063800 Exception <a 'java/lang/NoSuchMethodError'{0x000000008797e8a8}: java.lang.invoke.DirectMethodHandle$Holder.invokeStatic(Ljava/lang/Object;Ljava/lang/Object;)I> (0x000000008797e8a8) thrown at [t:/workspace/open/src/hotspot/share/interpreter/linkResolver.cp
Event: 20.183 Thread 0x0000029609063800 Exception <a 'java/lang/NoSuchMethodError'{0x000000008798ba58}: java.lang.Object.of([Ljava/lang/Object;)Ljava/util/stream/Stream;> (0x000000008798ba58) thrown at [t:/workspace/open/src/hotspot/share/interpreter/linkResolver.cpp, line 741]

Events (10 events):
Event: 41.816 loading class java/security/DomainCombiner
Event: 41.816 loading class java/security/DomainCombiner done
Event: 44.685 loading class javax/swing/text/GapContent$UndoPosRef
Event: 44.686 loading class javax/swing/text/GapContent$UndoPosRef done
Event: 47.189 Thread 0x0000029609063800 Uncommon trap: trap_request=0xffffff86 fr.pc=0x00000296722538d4 relative=0x0000000000000374
Event: 47.189 Thread 0x0000029609063800 DEOPT PACKING pc=0x00000296722538d4 sp=0x000000f440f1e2c0
Event: 47.189 Thread 0x0000029609063800 DEOPT UNPACKING pc=0x000002966a6c8a2f sp=0x000000f440f1e250 mode 2
Event: 47.189 Thread 0x0000029609046800 Uncommon trap: trap_request=0xffffff86 fr.pc=0x00000296722538d4 relative=0x0000000000000374
Event: 47.189 Thread 0x0000029609046800 DEOPT PACKING pc=0x00000296722538d4 sp=0x000000f4407fdd20
Event: 47.189 Thread 0x0000029609046800 DEOPT UNPACKING pc=0x000002966a6c8a2f sp=0x000000f4407fdcb0 mode 2


Dynamic libraries:
0x00007ff6b7ea0000 - 0x00007ff6b7ede000 	C:\Program Files\Java\jre-10.0.2\bin\javaw.exe
0x00007ff832230000 - 0x00007ff832411000 	C:\WINDOWS\SYSTEM32\ntdll.dll
0x00007ff8307e0000 - 0x00007ff830892000 	C:\WINDOWS\System32\KERNEL32.DLL
0x00007ff82f190000 - 0x00007ff82f403000 	C:\WINDOWS\System32\KERNELBASE.dll
0x00007ff830730000 - 0x00007ff8307d1000 	C:\WINDOWS\System32\ADVAPI32.dll
0x00007ff8308a0000 - 0x00007ff83093e000 	C:\WINDOWS\System32\msvcrt.dll
0x00007ff82f8d0000 - 0x00007ff82f92b000 	C:\WINDOWS\System32\sechost.dll
0x00007ff8320d0000 - 0x00007ff8321f4000 	C:\WINDOWS\System32\RPCRT4.dll
0x00007ff830210000 - 0x00007ff8303a0000 	C:\WINDOWS\System32\USER32.dll
0x00007ff82f5f0000 - 0x00007ff82f610000 	C:\WINDOWS\System32\win32u.dll
0x00007ff82f8a0000 - 0x00007ff82f8c8000 	C:\WINDOWS\System32\GDI32.dll
0x00007ff82e6f0000 - 0x00007ff82e882000 	C:\WINDOWS\System32\gdi32full.dll
0x00007ff82e650000 - 0x00007ff82e6ef000 	C:\WINDOWS\System32\msvcp_win.dll
0x00007ff82f410000 - 0x00007ff82f50a000 	C:\WINDOWS\System32\ucrtbase.dll
0x00007ff8263a0000 - 0x00007ff826609000 	C:\WINDOWS\WinSxS\amd64_microsoft.windows.common-controls_6595b64144ccf1df_6.0.17134.228_none_fb4599993062b194\COMCTL32.dll
0x00007ff82a060000 - 0x00007ff82a06a000 	C:\WINDOWS\SYSTEM32\VERSION.dll
0x00007ff830400000 - 0x00007ff830723000 	C:\WINDOWS\System32\combase.dll
0x00007ff82f570000 - 0x00007ff82f5ea000 	C:\WINDOWS\System32\bcryptPrimitives.dll
0x00007ff82f870000 - 0x00007ff82f89d000 	C:\WINDOWS\System32\IMM32.DLL
0x00007ffffbed0000 - 0x00007ffffbfbf000 	C:\Program Files\Java\jre-10.0.2\bin\msvcr120.dll
0x00007ffff8610000 - 0x00007ffff86b6000 	C:\Program Files\Java\jre-10.0.2\bin\msvcp120.dll
0x0000000061ff0000 - 0x0000000062a60000 	C:\Program Files\Java\jre-10.0.2\bin\server\jvm.dll
0x00007ff830080000 - 0x00007ff830088000 	C:\WINDOWS\System32\PSAPI.DLL
0x00007ff82b3e0000 - 0x00007ff82b403000 	C:\WINDOWS\SYSTEM32\WINMM.dll
0x00007ff81da10000 - 0x00007ff81da19000 	C:\WINDOWS\SYSTEM32\WSOCK32.dll
0x00007ff831fb0000 - 0x00007ff83201c000 	C:\WINDOWS\System32\WS2_32.dll
0x00007ff82b3b0000 - 0x00007ff82b3da000 	C:\WINDOWS\SYSTEM32\WINMMBASE.dll
0x00007ff82e600000 - 0x00007ff82e649000 	C:\WINDOWS\System32\cfgmgr32.dll
0x00007ff819120000 - 0x00007ff81912f000 	C:\Program Files\Java\jre-10.0.2\bin\verify.dll
0x00007ff81db30000 - 0x00007ff81dcf9000 	C:\WINDOWS\SYSTEM32\DBGHELP.DLL
0x00007ff81cee0000 - 0x00007ff81cf09000 	C:\WINDOWS\SYSTEM32\dbgcore.DLL
0x00007ff801880000 - 0x00007ff8018a7000 	C:\Program Files\Java\jre-10.0.2\bin\java.dll
0x00007ff80f250000 - 0x00007ff80f266000 	C:\Program Files\Java\jre-10.0.2\bin\zip.dll
0x00007ff8190b0000 - 0x00007ff8190ba000 	C:\Program Files\Java\jre-10.0.2\bin\jimage.dll
0x00007ff8309a0000 - 0x00007ff831de0000 	C:\WINDOWS\System32\SHELL32.dll
0x00007ff82f930000 - 0x00007ff82f9d9000 	C:\WINDOWS\System32\shcore.dll
0x00007ff82ea80000 - 0x00007ff82f18d000 	C:\WINDOWS\System32\windows.storage.dll
0x00007ff830940000 - 0x00007ff830991000 	C:\WINDOWS\System32\shlwapi.dll
0x00007ff82e5c0000 - 0x00007ff82e5d1000 	C:\WINDOWS\System32\kernel.appcore.dll
0x00007ff82e5a0000 - 0x00007ff82e5bf000 	C:\WINDOWS\System32\profapi.dll
0x00007ff82e540000 - 0x00007ff82e58c000 	C:\WINDOWS\System32\powrprof.dll
0x00007ff82e590000 - 0x00007ff82e59a000 	C:\WINDOWS\System32\FLTLIB.DLL
0x00007ff809670000 - 0x00007ff80968a000 	C:\Program Files\Java\jre-10.0.2\bin\net.dll
0x00007ff82ac20000 - 0x00007ff82acfc000 	C:\WINDOWS\SYSTEM32\WINHTTP.dll
0x00007ff82ddc0000 - 0x00007ff82de26000 	C:\WINDOWS\system32\mswsock.dll
0x00007ff800b50000 - 0x00007ff800b61000 	C:\Program Files\Java\jre-10.0.2\bin\nio.dll
0x00007ffff7860000 - 0x00007ffff79fb000 	C:\Program Files\Java\jre-10.0.2\bin\awt.dll
0x00007ff831de0000 - 0x00007ff831ea2000 	C:\WINDOWS\System32\OLEAUT32.dll
0x00007ff82bc10000 - 0x00007ff82c1d7000 	C:\WINDOWS\SYSTEM32\d2d1.dll
0x00007ff82c8f0000 - 0x00007ff82c97b000 	C:\WINDOWS\SYSTEM32\apphelp.dll
0x0000000063b40000 - 0x0000000063bc0000 	E:\eclipse-workspace\static routing\static routing\jnetpcap.dll
0x0000000180000000 - 0x0000000180065000 	C:\WINDOWS\SYSTEM32\wpcap.dll
0x00007ff82db40000 - 0x00007ff82db78000 	C:\WINDOWS\SYSTEM32\iphlpapi.dll
0x000002967fe80000 - 0x000002967fe9f000 	C:\WINDOWS\SYSTEM32\packet.dll
0x00007ff8320c0000 - 0x00007ff8320c8000 	C:\WINDOWS\System32\NSI.dll
0x00007ff829200000 - 0x00007ff829216000 	C:\WINDOWS\SYSTEM32\dhcpcsvc6.DLL
0x00007ff8291b0000 - 0x00007ff8291ca000 	C:\WINDOWS\SYSTEM32\dhcpcsvc.DLL
0x00007ff82ccd0000 - 0x00007ff82ccf9000 	C:\WINDOWS\system32\DWMAPI.DLL
0x00007ff82cbf0000 - 0x00007ff82cc88000 	C:\WINDOWS\system32\uxtheme.dll
0x00007ffff7330000 - 0x00007ffff7450000 	C:\WINDOWS\system32\opengl32.dll
0x00007ff8035d0000 - 0x00007ff8035fc000 	C:\WINDOWS\SYSTEM32\GLU32.dll
0x00007ff830090000 - 0x00007ff830205000 	C:\WINDOWS\System32\MSCTF.dll
0x00007ff801c00000 - 0x00007ff801c38000 	C:\WINDOWS\system32\IMGSF50Filter_x64.dll
0x00007ff82f9e0000 - 0x00007ff82fb31000 	C:\WINDOWS\System32\ole32.dll
0x0000000064410000 - 0x00000000644e3000 	C:\WINDOWS\WinSxS\amd64_microsoft.vc90.crt_1fc8b3b9a1e18e3b_9.0.30729.9415_none_08e0c10ba840a28a\MSVCP90.dll
0x00000000644f0000 - 0x0000000064593000 	C:\WINDOWS\WinSxS\amd64_microsoft.vc90.crt_1fc8b3b9a1e18e3b_9.0.30729.9415_none_08e0c10ba840a28a\MSVCR90.dll
0x00007ffff4600000 - 0x00007ffff4797000 	C:\WINDOWS\system32\d3d9.dll
0x00007ff828780000 - 0x00007ff82886a000 	C:\WINDOWS\System32\DriverStore\FileRepository\nv_ref_pubwu.inf_amd64_2e7fa54192fe16d0\nvldumdx.dll
0x00007ff82e890000 - 0x00007ff82ea72000 	C:\WINDOWS\System32\crypt32.dll
0x00007ff82e5e0000 - 0x00007ff82e5f2000 	C:\WINDOWS\System32\MSASN1.dll
0x00007ff82df70000 - 0x00007ff82df87000 	C:\WINDOWS\SYSTEM32\CRYPTSP.dll
0x00007ff82d9a0000 - 0x00007ff82d9d3000 	C:\WINDOWS\system32\rsaenh.dll
0x00007ff82e0a0000 - 0x00007ff82e0c5000 	C:\WINDOWS\SYSTEM32\bcrypt.dll
0x00007ff82df90000 - 0x00007ff82df9b000 	C:\WINDOWS\SYSTEM32\CRYPTBASE.dll
0x00007fffeb740000 - 0x00007fffec916000 	C:\WINDOWS\System32\DriverStore\FileRepository\nv_ref_pubwu.inf_amd64_2e7fa54192fe16d0\nvd3dumx.dll
0x00007ff818d60000 - 0x00007ff818f35000 	C:\WINDOWS\system32\nvspcap64.dll
0x00007ff82fb40000 - 0x00007ff82ff8b000 	C:\WINDOWS\System32\SETUPAPI.dll
0x00007ff82aba0000 - 0x00007ff82abb3000 	C:\WINDOWS\SYSTEM32\WTSAPI32.dll
0x00007ff823900000 - 0x00007ff823d80000 	C:\WINDOWS\system32\nvapi64.dll
0x00007ff82d300000 - 0x00007ff82d3bb000 	C:\WINDOWS\SYSTEM32\dxgi.dll
0x00007ff8241a0000 - 0x00007ff82428b000 	C:\Program Files (x86)\NVIDIA Corporation\3D Vision\nvSCPAPI64.dll
0x00007ffff9f40000 - 0x00007ffff9fa5000 	C:\Program Files\Java\jre-10.0.2\bin\fontmanager.dll
0x00007fffff2d0000 - 0x00007fffff312000 	C:\Program Files\Java\jre-10.0.2\bin\t2k.dll
0x00007ff832020000 - 0x00007ff8320c0000 	C:\WINDOWS\System32\clbcatq.dll
0x00007ff829eb0000 - 0x00007ff82a05e000 	C:\WINDOWS\SYSTEM32\WindowsCodecs.dll
0x00007ff815660000 - 0x00007ff8156b8000 	C:\WINDOWS\system32\dataexchange.dll
0x00007ff82b900000 - 0x00007ff82bc0b000 	C:\WINDOWS\system32\d3d11.dll
0x00007ff82c1e0000 - 0x00007ff82c37c000 	C:\WINDOWS\system32\dcomp.dll
0x00007ff82cde0000 - 0x00007ff82cf98000 	C:\WINDOWS\system32\twinapi.appcore.dll
0x00007ff82cdb0000 - 0x00007ff82cdd1000 	C:\WINDOWS\system32\RMCLIENT.dll
0x00007ff81c790000 - 0x00007ff81c827000 	C:\WINDOWS\System32\TextInputFramework.dll
0x00007ff8296b0000 - 0x00007ff8299ce000 	C:\WINDOWS\System32\CoreUIComponents.dll
0x00007ff82c6c0000 - 0x00007ff82c79a000 	C:\WINDOWS\System32\CoreMessaging.dll
0x00007ff82d630000 - 0x00007ff82d661000 	C:\WINDOWS\SYSTEM32\ntmarta.dll
0x00007ff829bb0000 - 0x00007ff829cfd000 	C:\WINDOWS\SYSTEM32\wintypes.dll
0x00007fffffdb0000 - 0x00007fffffe81000 	C:\Windows\System32\IME\IMEKR\imkrtip.dll
0x00007ff82a7e0000 - 0x00007ff82a994000 	C:\WINDOWS\SYSTEM32\PROPSYS.dll
0x00007fffffc50000 - 0x00007fffffda6000 	C:\Windows\System32\IME\shared\imetip.dll
0x00007ff824510000 - 0x00007ff82457b000 	C:\WINDOWS\SYSTEM32\OLEACC.dll
0x00007ff81df60000 - 0x00007ff81e10b000 	C:\WINDOWS\SYSTEM32\DUI70.dll
0x00007ff800070000 - 0x00007ff8000ad000 	C:\Windows\System32\IME\IMEKR\imkrapi.dll
0x00007ff800030000 - 0x00007ff800070000 	C:\Windows\System32\IME\shared\imjkapi.dll

dbghelp: loaded successfully - version: 4.0.5 - missing functions: none
symbol engine: initialized successfully - sym options: 0x614 - pdb path: .;C:\Program Files\Java\jre-10.0.2\bin;C:\WINDOWS\SYSTEM32;C:\WINDOWS\WinSxS\amd64_microsoft.windows.common-controls_6595b64144ccf1df_6.0.17134.228_none_fb4599993062b194;C:\Program Files\Java\jre-10.0.2\bin\server;E:\eclipse-workspace\static routing\static routing;C:\WINDOWS\WinSxS\amd64_microsoft.vc90.crt_1fc8b3b9a1e18e3b_9.0.30729.9415_none_08e0c10ba840a28a;C:\WINDOWS\System32\DriverStore\FileRepository\nv_ref_pubwu.inf_amd64_2e7fa54192fe16d0;C:\Program Files (x86)\NVIDIA Corporation\3D Vision;C:\Windows\System32\IME\IMEKR;C:\Windows\System32\IME\shared

VM Arguments:
jvm_args: -Dfile.encoding=UTF-8 
java_command: Router.ApplicationLayer
java_class_path (initial): E:\eclipse-workspace\static routing\static routing\bin;E:\eclipse-workspace\static routing\static routing\jnetpcap.jar
Launcher Type: SUN_STANDARD

Logging:
Log output configuration:
#0: stdout all=warning uptime,level,tags
#1: stderr all=off uptime,level,tags

Environment Variables:
JAVA_HOME=C:\Program Files\Java\jdk-10.0.2
PATH=C:/Program Files/Java/jdk-10.0.2/bin/server;C:/Program Files/Java/jdk-10.0.2/bin;C:\Program Files\Java\jdk-10.0.2\bin;C:\Program Files (x86)\Common Files\Oracle\Java\javapath;C:\ProgramData\Oracle\Java\javapath;C:\Windows\system32;C:\Windows;C:\Windows\System32\Wbem;C:\Windows\System32\WindowsPowerShell\v1.0\;C:\Program Files (x86)\NVIDIA Corporation\PhysX\Common;C:\WINDOWS\system32;C:\WINDOWS;C:\WINDOWS\System32\Wbem;C:\WINDOWS\System32\WindowsPowerShell\v1.0\;C:\Program Files\PuTTY\;C:\Program Files (x86)\Microsoft SQL Server\100\Tools\Binn\;C:\Program Files\Microsoft SQL Server\100\Tools\Binn\;C:\Program Files\Microsoft SQL Server\100\DTS\Binn\;C:\WINDOWS\System32\OpenSSH\;C:\texlive\2018\bin\win32;C:\Users\hccho\AppData\Local\Microsoft\WindowsApps;;E:\eclipse-jee-photon-R-win32-x86_64\eclipse;
USERNAME=hccho
OS=Windows_NT
PROCESSOR_IDENTIFIER=Intel64 Family 6 Model 94 Stepping 3, GenuineIntel



---------------  S Y S T E M  ---------------

OS: Windows 10 , 64 bit Build 17134 (10.0.17134.1)

CPU:total 8 (initial active 8) (4 cores per cpu, 2 threads per core) family 6 model 94 stepping 3, cmov, cx8, fxsr, mmx, sse, sse2, sse3, ssse3, sse4.1, sse4.2, popcnt, avx, avx2, aes, clmul, erms, rtm, 3dnowpref, lzcnt, ht, tsc, tscinvbit, bmi1, bmi2, adx, fma

Memory: 4k page, physical 8343520k(1505556k free), swap 12491564k(1748764k free)

vm_info: Java HotSpot(TM) 64-Bit Server VM (10.0.2+13) for windows-amd64 JRE (10.0.2+13), built on Jun 28 2018 01:57:56 by "mach5one" with MS VC++ 12.0 (VS2013)

END.
