#
# A fatal error has been detected by the Java Runtime Environment:
#
#  EXCEPTION_ACCESS_VIOLATION (0xc0000005) at pc=0x0000022fa966f495, pid=22400, tid=35620
#
# JRE version: Java(TM) SE Runtime Environment (10.0.2+13) (build 10.0.2+13)
# Java VM: Java HotSpot(TM) 64-Bit Server VM (10.0.2+13, mixed mode, tiered, compressed oops, g1 gc, windows-amd64)
# Problematic frame:
# j  org.jnetpcap.packet.JScan.scan_packet()Lorg/jnetpcap/packet/JPacket;+0
#
# No core dump will be written. Minidumps are not enabled by default on client versions of Windows
#
# If you would like to submit a bug report, please visit:
#   http://bugreport.java.com/bugreport/crash.jsp
#

---------------  S U M M A R Y ------------

Command Line: -Dfile.encoding=UTF-8 Router.ApplicationLayer

Host: Intel(R) Core(TM) i7-6700 CPU @ 3.40GHz, 8 cores, 7G,  Windows 10 , 64 bit Build 17134 (10.0.17134.1)
Time: Mon Sep 10 15:36:17 2018 ¢¥eCN©öI¡¾©ö C¡ÍA¨ª¨öA elapsed time: 141 seconds (0d 0h 2m 21s)

---------------  T H R E A D  ---------------

Current thread (0x0000022fc866a000):  JavaThread "Thread-1" [_thread_in_Java, id=35620, stack(0x000000e23ca00000,0x000000e23cb00000)]

Stack: [0x000000e23ca00000,0x000000e23cb00000],  sp=0x000000e23cafe610,  free space=1017k
Native frames: (J=compiled Java code, j=interpreted, Vv=VM code, C=native code)
C  0x0000022fa966f495


siginfo: EXCEPTION_ACCESS_VIOLATION (0xc0000005), reading address 0x000000003f2ff500


Register to memory mapping:

RIP=0x0000022fa966f495 is at code_begin+1429 in an Interpreter codelet
method entry point (kind = native)  [0x0000022fa966ef00, 0x0000022fa966fa60]  2912 bytes
RAX=0x000000003f2ff500 is an unknown value
RBX={method} {0x0000022fc9bb37d0} 'scan_packet' '()Lorg/jnetpcap/packet/JPacket;' in 'org/jnetpcap/packet/JScan'
RCX=0x000000e23f2ff130 is pointing into the stack for thread: 0x0000022fc8672000
RDX=0x000000e23cafe6b0 is pointing into the stack for thread: 0x0000022fc866a000
RSP=0x000000e23cafe610 is pointing into the stack for thread: 0x0000022fc866a000
RBP=0x000000e23cafe690 is pointing into the stack for thread: 0x0000022fc866a000
RSI=0x0000022fa9660cd7 is at begin+0 in a stub
StubRoutines::call_stub [0x0000022fa9660cd7, 0x0000022fa9660e44[ (365 bytes)
RDI=0x0000022fa9669b40 is at code_begin+832 in an Interpreter codelet
invoke return entry points  [0x0000022fa9669800, 0x0000022fa966a1e0]  2528 bytes
R8 =0x0000000000000042 is an unknown value
R9 =0x0000000088750258 is an oop
org.jnetpcap.packet.JScan 
{0x0000000088750258} - klass: 'org/jnetpcap/packet/JScan'
R10=0x0000000000000000 is an unknown value
R11=0x0000022fa966c25b is at code_begin+27 in an Interpreter codelet
result handlers for native calls  [0x0000022fa966c240, 0x0000022fa966c260]  32 bytes
R12=0x0000000000000000 is an unknown value
R13={method} {0x0000022fc9bb37d0} 'scan_packet' '()Lorg/jnetpcap/packet/JPacket;' in 'org/jnetpcap/packet/JScan'
R14=0x000000e23cafe6b0 is pointing into the stack for thread: 0x0000022fc866a000
R15=0x0000022fc866a000 is a thread


Registers:
RAX=0x000000003f2ff500, RBX=0x0000022fc9bb37c8, RCX=0x000000e23f2ff130, RDX=0x000000e23cafe6b0
RSP=0x000000e23cafe610, RBP=0x000000e23cafe690, RSI=0x0000022fa9660cd7, RDI=0x0000022fa9669b40
R8 =0x0000000000000042, R9 =0x0000000088750258, R10=0x0000000000000000, R11=0x0000022fa966c25b
R12=0x0000000000000000, R13=0x0000022fc9bb37c8, R14=0x000000e23cafe6b0, R15=0x0000022fc866a000
RIP=0x0000022fa966f495, EFLAGS=0x0000000000010246

Top of Stack: (sp=0x000000e23cafe610)
0x000000e23cafe610:   0000000000000000 0000022fa966f317
0x000000e23cafe620:   0000022fc866a270 000000e23cafe6b0
0x000000e23cafe630:   0000000000000000 000000e23cafe650
0x000000e23cafe640:   000000e23cafe640 000000e23cafe648
0x000000e23cafe650:   0000000000000000 000000e23cafe6b0
0x000000e23cafe660:   0000022fc9bb3aa8 0000000000000000
0x000000e23cafe670:   0000000088750100 0000022fc9bb37c8
0x000000e23cafe680:   0000000000000000 000000e23cafe6b0
0x000000e23cafe690:   000000e23cafe700 0000022fa9669e80
0x000000e23cafe6a0:   0000000000000000 0000022fa966c25b
0x000000e23cafe6b0:   0000000088750258 000000e23cafe6b8
0x000000e23cafe6c0:   0000022fc995d9c7 000000e23cafe730
0x000000e23cafe6d0:   0000022fc995e468 0000000000000000
0x000000e23cafe6e0:   000000008710e768 0000022fc995d9f0
0x000000e23cafe6f0:   000000e23cafe6b0 000000e23cafe728
0x000000e23cafe700:   000000e23cafe910 0000022fa9660d90 

Instructions: (pc=0x0000022fa966f495)
0x0000022fa966f475:   48 83 c4 08 e9 0d 00 00 00 49 ba b0 a4 5f 62 00
0x0000022fa966f485:   00 00 00 41 ff d2 48 83 c4 20 58 e9 03 00 00 00
0x0000022fa966f495:   48 8b 00 48 89 45 10 48 83 ec 10 48 89 04 24 49
0x0000022fa966f4a5:   ba 00 00 00 00 00 00 00 00 4c 89 54 24 08 41 81 


method entry point (kind = native)  [0x0000022fa966ef00, 0x0000022fa966fa60]  2912 bytes

---------------  P R O C E S S  ---------------

Threads class SMR info:
_java_thread_list=0x0000022fc83f38f0, length=22, elements={
0x0000022fbffb6000, 0x0000022fbffbf000, 0x0000022fbffc8800, 0x0000022fc08ad800,
0x0000022fc08ae800, 0x0000022fc08af000, 0x0000022fc08b0000, 0x0000022fc08b4000,
0x0000022fbffc9000, 0x0000022fc0a30800, 0x0000022fc0a2f800, 0x0000022fc0a2b000,
0x0000022fc0a2c800, 0x0000022fc0a31000, 0x0000022fc0a2d800, 0x0000022fc0a2e000,
0x0000022fc0a2b800, 0x0000022fc0a2f000, 0x0000022fc866f000, 0x0000022fc866a000,
0x0000022fc866d800, 0x0000022fc8672000
}

Java Threads: ( => current thread )
  0x0000022fbffb6000 JavaThread "Reference Handler" daemon [_thread_blocked, id=15608, stack(0x000000e23e300000,0x000000e23e400000)]
  0x0000022fbffbf000 JavaThread "Finalizer" daemon [_thread_blocked, id=2740, stack(0x000000e23e400000,0x000000e23e500000)]
  0x0000022fbffc8800 JavaThread "Signal Dispatcher" daemon [_thread_blocked, id=14836, stack(0x000000e23e500000,0x000000e23e600000)]
  0x0000022fc08ad800 JavaThread "Attach Listener" daemon [_thread_blocked, id=12948, stack(0x000000e23e600000,0x000000e23e700000)]
  0x0000022fc08ae800 JavaThread "C2 CompilerThread0" daemon [_thread_blocked, id=27036, stack(0x000000e23e700000,0x000000e23e800000)]
  0x0000022fc08af000 JavaThread "C2 CompilerThread1" daemon [_thread_blocked, id=34752, stack(0x000000e23e800000,0x000000e23e900000)]
  0x0000022fc08b0000 JavaThread "C2 CompilerThread2" daemon [_thread_blocked, id=6760, stack(0x000000e23e900000,0x000000e23ea00000)]
  0x0000022fc08b4000 JavaThread "C1 CompilerThread3" daemon [_thread_blocked, id=26420, stack(0x000000e23ea00000,0x000000e23eb00000)]
  0x0000022fbffc9000 JavaThread "Sweeper thread" daemon [_thread_blocked, id=6888, stack(0x000000e23eb00000,0x000000e23ec00000)]
  0x0000022fc0a30800 JavaThread "Service Thread" daemon [_thread_blocked, id=18580, stack(0x000000e23ec00000,0x000000e23ed00000)]
  0x0000022fc0a2f800 JavaThread "Common-Cleaner" daemon [_thread_blocked, id=31248, stack(0x000000e23ed00000,0x000000e23ee00000)]
  0x0000022fc0a2b000 JavaThread "Java2D Disposer" daemon [_thread_blocked, id=34412, stack(0x000000e23ef00000,0x000000e23f000000)]
  0x0000022fc0a2c800 JavaThread "AWT-Shutdown" [_thread_blocked, id=31360, stack(0x000000e23f000000,0x000000e23f100000)]
  0x0000022fc0a31000 JavaThread "AWT-Windows" daemon [_thread_in_native, id=12088, stack(0x000000e23f100000,0x000000e23f200000)]
  0x0000022fc0a2d800 JavaThread "AWT-EventQueue-0" [_thread_blocked, id=34044, stack(0x000000e23f300000,0x000000e23f400000)]
  0x0000022fc0a2e000 JavaThread "Thread-0" [_thread_blocked, id=27640, stack(0x000000e23f400000,0x000000e23f500000)]
  0x0000022fc0a2b800 JavaThread "DestroyJavaVM" [_thread_blocked, id=21704, stack(0x000000e23cd00000,0x000000e23ce00000)]
  0x0000022fc0a2f000 JavaThread "D3D Screen Updater" daemon [_thread_blocked, id=27784, stack(0x000000e23f700000,0x000000e23f800000)]
  0x0000022fc866f000 JavaThread "TimerQueue" daemon [_thread_blocked, id=22668, stack(0x000000e23c900000,0x000000e23ca00000)]
=>0x0000022fc866a000 JavaThread "Thread-1" [_thread_in_Java, id=35620, stack(0x000000e23ca00000,0x000000e23cb00000)]
  0x0000022fc866d800 JavaThread "DisposableGC" daemon [_thread_blocked, id=29728, stack(0x000000e23cb00000,0x000000e23cc00000)]
  0x0000022fc8672000 JavaThread "Thread-2" [_thread_in_native, id=21084, stack(0x000000e23f200000,0x000000e23f300000)]

Other Threads:
  0x0000022fbff8a000 VMThread "VM Thread" [stack: 0x000000e23e200000,0x000000e23e300000] [id=34284]
  0x0000022fc0a41000 WatcherThread [stack: 0x000000e23ee00000,0x000000e23ef00000] [id=20076]
  0x0000022fa1ec7800 GCTaskThread "GC Thread#0" [stack: 0x000000e23ce00000,0x000000e23cf00000] [id=20100]
  0x0000022fa1ec9800 GCTaskThread "GC Thread#1" [stack: 0x000000e23cf00000,0x000000e23d000000] [id=31296]
  0x0000022fa1ecb000 GCTaskThread "GC Thread#2" [stack: 0x000000e23d000000,0x000000e23d100000] [id=30236]
  0x0000022fa1ed0000 GCTaskThread "GC Thread#3" [stack: 0x000000e23d100000,0x000000e23d200000] [id=4860]
  0x0000022fa1ed1000 GCTaskThread "GC Thread#4" [stack: 0x000000e23d200000,0x000000e23d300000] [id=35804]
  0x0000022fa1ed7000 GCTaskThread "GC Thread#5" [stack: 0x000000e23d300000,0x000000e23d400000] [id=17996]
  0x0000022fa1ed9800 GCTaskThread "GC Thread#6" [stack: 0x000000e23d400000,0x000000e23d500000] [id=21792]
  0x0000022fa1edc000 GCTaskThread "GC Thread#7" [stack: 0x000000e23d500000,0x000000e23d600000] [id=28556]
  0x0000022fa1f5a800 ConcurrentGCThread "G1 Main Marker" [stack: 0x000000e23d600000,0x000000e23d700000] [id=13904]
  0x0000022fa1edc800 ConcurrentGCThread "G1 Conc#0" [stack: 0x000000e23d700000,0x000000e23d800000] [id=19128]
  0x0000022fa1ee1800 ConcurrentGCThread "G1 Conc#1" [stack: 0x000000e23d800000,0x000000e23d900000] [id=23396]
  0x0000022fbfe1d800 ConcurrentGCThread "G1 Refine#0" [stack: 0x000000e23d900000,0x000000e23da00000] [id=11512]
  0x0000022fbfe1e800 ConcurrentGCThread "G1 Refine#1" [stack: 0x000000e23da00000,0x000000e23db00000] [id=26748]
  0x0000022fbfe21000 ConcurrentGCThread "G1 Refine#2" [stack: 0x000000e23db00000,0x000000e23dc00000] [id=1488]
  0x0000022fbfe22800 ConcurrentGCThread "G1 Refine#3" [stack: 0x000000e23dc00000,0x000000e23dd00000] [id=32148]
  0x0000022fbfe24800 ConcurrentGCThread "G1 Refine#4" [stack: 0x000000e23dd00000,0x000000e23de00000] [id=27944]
  0x0000022fbfe39000 ConcurrentGCThread "G1 Refine#5" [stack: 0x000000e23de00000,0x000000e23df00000] [id=34480]
  0x0000022fbfe41800 ConcurrentGCThread "G1 Refine#6" [stack: 0x000000e23df00000,0x000000e23e000000] [id=26188]
  0x0000022fbfe44800 ConcurrentGCThread "G1 Refine#7" [stack: 0x000000e23e000000,0x000000e23e100000] [id=35064]
  0x0000022fbfe47000 ConcurrentGCThread "G1 Young RemSet Sampling" [stack: 0x000000e23e100000,0x000000e23e200000] [id=35572]

Threads with active compile tasks:

VM state:not at safepoint (normal execution)

VM Mutex/Monitor currently owned by a thread: None

Heap address: 0x0000000080a00000, size: 2038 MB, Compressed Oops mode: 32-bit
Narrow klass base: 0x0000000000000000, Narrow klass shift: 3
Compressed class space size: 1073741824 Address: 0x0000000100000000

Heap:
 garbage-first heap   total 131072K, used 11045K [0x0000000080a00000, 0x0000000100000000)
  region size 1024K, 11 young (11264K), 3 survivors (3072K)
 Metaspace       used 20074K, capacity 20512K, committed 20864K, reserved 1067008K
  class space    used 2366K, capacity 2578K, committed 2688K, reserved 1048576K
Heap Regions: E=young(eden), S=young(survivor), O=old, HS=humongous(starts), HC=humongous(continues), CS=collection set, F=free, A=archive, TS=gc time stamp, AC=allocation context, TAMS=top-at-mark-start (previous, next)
|   0|0x0000000080a00000, 0x0000000080a00000, 0x0000000080b00000|  0%| F|  |TS  1|AC  0|TAMS 0x0000000080a00000, 0x0000000080a00000|
|   1|0x0000000080b00000, 0x0000000080bc9600, 0x0000000080c00000| 78%| O|  |TS  1|AC  0|TAMS 0x0000000080b00000, 0x0000000080b00000|
|   2|0x0000000080c00000, 0x0000000080c00000, 0x0000000080d00000|  0%| F|  |TS  0|AC  0|TAMS 0x0000000080c00000, 0x0000000080c00000|
|   3|0x0000000080d00000, 0x0000000080d00000, 0x0000000080e00000|  0%| F|  |TS  0|AC  0|TAMS 0x0000000080d00000, 0x0000000080d00000|
|   4|0x0000000080e00000, 0x0000000080e00000, 0x0000000080f00000|  0%| F|  |TS  0|AC  0|TAMS 0x0000000080e00000, 0x0000000080e00000|
|   5|0x0000000080f00000, 0x0000000080f00000, 0x0000000081000000|  0%| F|  |TS  0|AC  0|TAMS 0x0000000080f00000, 0x0000000080f00000|
|   6|0x0000000081000000, 0x0000000081000000, 0x0000000081100000|  0%| F|  |TS  0|AC  0|TAMS 0x0000000081000000, 0x0000000081000000|
|   7|0x0000000081100000, 0x0000000081100000, 0x0000000081200000|  0%| F|  |TS  0|AC  0|TAMS 0x0000000081100000, 0x0000000081100000|
|   8|0x0000000081200000, 0x0000000081200000, 0x0000000081300000|  0%| F|  |TS  0|AC  0|TAMS 0x0000000081200000, 0x0000000081200000|
|   9|0x0000000081300000, 0x0000000081300000, 0x0000000081400000|  0%| F|  |TS  0|AC  0|TAMS 0x0000000081300000, 0x0000000081300000|
|  10|0x0000000081400000, 0x0000000081400000, 0x0000000081500000|  0%| F|  |TS  0|AC  0|TAMS 0x0000000081400000, 0x0000000081400000|
|  11|0x0000000081500000, 0x0000000081500000, 0x0000000081600000|  0%| F|  |TS  0|AC  0|TAMS 0x0000000081500000, 0x0000000081500000|
|  12|0x0000000081600000, 0x0000000081600000, 0x0000000081700000|  0%| F|  |TS  0|AC  0|TAMS 0x0000000081600000, 0x0000000081600000|
|  13|0x0000000081700000, 0x0000000081700000, 0x0000000081800000|  0%| F|  |TS  0|AC  0|TAMS 0x0000000081700000, 0x0000000081700000|
|  14|0x0000000081800000, 0x0000000081800000, 0x0000000081900000|  0%| F|  |TS  0|AC  0|TAMS 0x0000000081800000, 0x0000000081800000|
|  15|0x0000000081900000, 0x0000000081900000, 0x0000000081a00000|  0%| F|  |TS  0|AC  0|TAMS 0x0000000081900000, 0x0000000081900000|
|  16|0x0000000081a00000, 0x0000000081a00000, 0x0000000081b00000|  0%| F|  |TS  0|AC  0|TAMS 0x0000000081a00000, 0x0000000081a00000|
|  17|0x0000000081b00000, 0x0000000081b00000, 0x0000000081c00000|  0%| F|  |TS  0|AC  0|TAMS 0x0000000081b00000, 0x0000000081b00000|
|  18|0x0000000081c00000, 0x0000000081c00000, 0x0000000081d00000|  0%| F|  |TS  0|AC  0|TAMS 0x0000000081c00000, 0x0000000081c00000|
|  19|0x0000000081d00000, 0x0000000081d00000, 0x0000000081e00000|  0%| F|  |TS  0|AC  0|TAMS 0x0000000081d00000, 0x0000000081d00000|
|  20|0x0000000081e00000, 0x0000000081e00000, 0x0000000081f00000|  0%| F|  |TS  0|AC  0|TAMS 0x0000000081e00000, 0x0000000081e00000|
|  21|0x0000000081f00000, 0x0000000081f00000, 0x0000000082000000|  0%| F|  |TS  0|AC  0|TAMS 0x0000000081f00000, 0x0000000081f00000|
|  22|0x0000000082000000, 0x0000000082000000, 0x0000000082100000|  0%| F|  |TS  0|AC  0|TAMS 0x0000000082000000, 0x0000000082000000|
|  23|0x0000000082100000, 0x0000000082100000, 0x0000000082200000|  0%| F|  |TS  0|AC  0|TAMS 0x0000000082100000, 0x0000000082100000|
|  24|0x0000000082200000, 0x0000000082200000, 0x0000000082300000|  0%| F|  |TS  0|AC  0|TAMS 0x0000000082200000, 0x0000000082200000|
|  25|0x0000000082300000, 0x0000000082300000, 0x0000000082400000|  0%| F|  |TS  0|AC  0|TAMS 0x0000000082300000, 0x0000000082300000|
|  26|0x0000000082400000, 0x0000000082400000, 0x0000000082500000|  0%| F|  |TS  0|AC  0|TAMS 0x0000000082400000, 0x0000000082400000|
|  27|0x0000000082500000, 0x0000000082500000, 0x0000000082600000|  0%| F|  |TS  0|AC  0|TAMS 0x0000000082500000, 0x0000000082500000|
|  28|0x0000000082600000, 0x0000000082600000, 0x0000000082700000|  0%| F|  |TS  0|AC  0|TAMS 0x0000000082600000, 0x0000000082600000|
|  29|0x0000000082700000, 0x0000000082700000, 0x0000000082800000|  0%| F|  |TS  0|AC  0|TAMS 0x0000000082700000, 0x0000000082700000|
|  30|0x0000000082800000, 0x0000000082800000, 0x0000000082900000|  0%| F|  |TS  0|AC  0|TAMS 0x0000000082800000, 0x0000000082800000|
|  31|0x0000000082900000, 0x0000000082900000, 0x0000000082a00000|  0%| F|  |TS  0|AC  0|TAMS 0x0000000082900000, 0x0000000082900000|
|  32|0x0000000082a00000, 0x0000000082a00000, 0x0000000082b00000|  0%| F|  |TS  0|AC  0|TAMS 0x0000000082a00000, 0x0000000082a00000|
|  33|0x0000000082b00000, 0x0000000082b00000, 0x0000000082c00000|  0%| F|  |TS  0|AC  0|TAMS 0x0000000082b00000, 0x0000000082b00000|
|  34|0x0000000082c00000, 0x0000000082c00000, 0x0000000082d00000|  0%| F|  |TS  0|AC  0|TAMS 0x0000000082c00000, 0x0000000082c00000|
|  35|0x0000000082d00000, 0x0000000082d00000, 0x0000000082e00000|  0%| F|  |TS  0|AC  0|TAMS 0x0000000082d00000, 0x0000000082d00000|
|  36|0x0000000082e00000, 0x0000000082e00000, 0x0000000082f00000|  0%| F|  |TS  0|AC  0|TAMS 0x0000000082e00000, 0x0000000082e00000|
|  37|0x0000000082f00000, 0x0000000082f00000, 0x0000000083000000|  0%| F|  |TS  0|AC  0|TAMS 0x0000000082f00000, 0x0000000082f00000|
|  38|0x0000000083000000, 0x0000000083000000, 0x0000000083100000|  0%| F|  |TS  0|AC  0|TAMS 0x0000000083000000, 0x0000000083000000|
|  39|0x0000000083100000, 0x0000000083100000, 0x0000000083200000|  0%| F|  |TS  0|AC  0|TAMS 0x0000000083100000, 0x0000000083100000|
|  40|0x0000000083200000, 0x0000000083200000, 0x0000000083300000|  0%| F|  |TS  0|AC  0|TAMS 0x0000000083200000, 0x0000000083200000|
|  41|0x0000000083300000, 0x0000000083300000, 0x0000000083400000|  0%| F|  |TS  0|AC  0|TAMS 0x0000000083300000, 0x0000000083300000|
|  42|0x0000000083400000, 0x0000000083400000, 0x0000000083500000|  0%| F|  |TS  0|AC  0|TAMS 0x0000000083400000, 0x0000000083400000|
|  43|0x0000000083500000, 0x0000000083500000, 0x0000000083600000|  0%| F|  |TS  0|AC  0|TAMS 0x0000000083500000, 0x0000000083500000|
|  44|0x0000000083600000, 0x0000000083600000, 0x0000000083700000|  0%| F|  |TS  0|AC  0|TAMS 0x0000000083600000, 0x0000000083600000|
|  45|0x0000000083700000, 0x0000000083700000, 0x0000000083800000|  0%| F|  |TS  0|AC  0|TAMS 0x0000000083700000, 0x0000000083700000|
|  46|0x0000000083800000, 0x0000000083800000, 0x0000000083900000|  0%| F|  |TS  0|AC  0|TAMS 0x0000000083800000, 0x0000000083800000|
|  47|0x0000000083900000, 0x0000000083900000, 0x0000000083a00000|  0%| F|  |TS  0|AC  0|TAMS 0x0000000083900000, 0x0000000083900000|
|  48|0x0000000083a00000, 0x0000000083a00000, 0x0000000083b00000|  0%| F|  |TS  0|AC  0|TAMS 0x0000000083a00000, 0x0000000083a00000|
|  49|0x0000000083b00000, 0x0000000083b00000, 0x0000000083c00000|  0%| F|  |TS  0|AC  0|TAMS 0x0000000083b00000, 0x0000000083b00000|
|  50|0x0000000083c00000, 0x0000000083c00000, 0x0000000083d00000|  0%| F|  |TS  0|AC  0|TAMS 0x0000000083c00000, 0x0000000083c00000|
|  51|0x0000000083d00000, 0x0000000083d00000, 0x0000000083e00000|  0%| F|  |TS  0|AC  0|TAMS 0x0000000083d00000, 0x0000000083d00000|
|  52|0x0000000083e00000, 0x0000000083e00000, 0x0000000083f00000|  0%| F|  |TS  0|AC  0|TAMS 0x0000000083e00000, 0x0000000083e00000|
|  53|0x0000000083f00000, 0x0000000083f00000, 0x0000000084000000|  0%| F|  |TS  0|AC  0|TAMS 0x0000000083f00000, 0x0000000083f00000|
|  54|0x0000000084000000, 0x0000000084000000, 0x0000000084100000|  0%| F|  |TS  0|AC  0|TAMS 0x0000000084000000, 0x0000000084000000|
|  55|0x0000000084100000, 0x0000000084100000, 0x0000000084200000|  0%| F|  |TS  0|AC  0|TAMS 0x0000000084100000, 0x0000000084100000|
|  56|0x0000000084200000, 0x0000000084200000, 0x0000000084300000|  0%| F|  |TS  0|AC  0|TAMS 0x0000000084200000, 0x0000000084200000|
|  57|0x0000000084300000, 0x0000000084300000, 0x0000000084400000|  0%| F|  |TS  0|AC  0|TAMS 0x0000000084300000, 0x0000000084300000|
|  58|0x0000000084400000, 0x0000000084400000, 0x0000000084500000|  0%| F|  |TS  0|AC  0|TAMS 0x0000000084400000, 0x0000000084400000|
|  59|0x0000000084500000, 0x0000000084500000, 0x0000000084600000|  0%| F|  |TS  0|AC  0|TAMS 0x0000000084500000, 0x0000000084500000|
|  60|0x0000000084600000, 0x0000000084600000, 0x0000000084700000|  0%| F|  |TS  0|AC  0|TAMS 0x0000000084600000, 0x0000000084600000|
|  61|0x0000000084700000, 0x0000000084700000, 0x0000000084800000|  0%| F|  |TS  0|AC  0|TAMS 0x0000000084700000, 0x0000000084700000|
|  62|0x0000000084800000, 0x0000000084800000, 0x0000000084900000|  0%| F|  |TS  0|AC  0|TAMS 0x0000000084800000, 0x0000000084800000|
|  63|0x0000000084900000, 0x0000000084900000, 0x0000000084a00000|  0%| F|  |TS  0|AC  0|TAMS 0x0000000084900000, 0x0000000084900000|
|  64|0x0000000084a00000, 0x0000000084a00000, 0x0000000084b00000|  0%| F|  |TS  0|AC  0|TAMS 0x0000000084a00000, 0x0000000084a00000|
|  65|0x0000000084b00000, 0x0000000084b00000, 0x0000000084c00000|  0%| F|  |TS  0|AC  0|TAMS 0x0000000084b00000, 0x0000000084b00000|
|  66|0x0000000084c00000, 0x0000000084c00000, 0x0000000084d00000|  0%| F|  |TS  0|AC  0|TAMS 0x0000000084c00000, 0x0000000084c00000|
|  67|0x0000000084d00000, 0x0000000084d00000, 0x0000000084e00000|  0%| F|  |TS  0|AC  0|TAMS 0x0000000084d00000, 0x0000000084d00000|
|  68|0x0000000084e00000, 0x0000000084e00000, 0x0000000084f00000|  0%| F|  |TS  0|AC  0|TAMS 0x0000000084e00000, 0x0000000084e00000|
|  69|0x0000000084f00000, 0x0000000084f00000, 0x0000000085000000|  0%| F|  |TS  0|AC  0|TAMS 0x0000000084f00000, 0x0000000084f00000|
|  70|0x0000000085000000, 0x0000000085000000, 0x0000000085100000|  0%| F|  |TS  0|AC  0|TAMS 0x0000000085000000, 0x0000000085000000|
|  71|0x0000000085100000, 0x0000000085100000, 0x0000000085200000|  0%| F|  |TS  0|AC  0|TAMS 0x0000000085100000, 0x0000000085100000|
|  72|0x0000000085200000, 0x0000000085200000, 0x0000000085300000|  0%| F|  |TS  0|AC  0|TAMS 0x0000000085200000, 0x0000000085200000|
|  73|0x0000000085300000, 0x0000000085300000, 0x0000000085400000|  0%| F|  |TS  0|AC  0|TAMS 0x0000000085300000, 0x0000000085300000|
|  74|0x0000000085400000, 0x0000000085400000, 0x0000000085500000|  0%| F|  |TS  0|AC  0|TAMS 0x0000000085400000, 0x0000000085400000|
|  75|0x0000000085500000, 0x0000000085500000, 0x0000000085600000|  0%| F|  |TS  0|AC  0|TAMS 0x0000000085500000, 0x0000000085500000|
|  76|0x0000000085600000, 0x0000000085600000, 0x0000000085700000|  0%| F|  |TS  0|AC  0|TAMS 0x0000000085600000, 0x0000000085600000|
|  77|0x0000000085700000, 0x0000000085700000, 0x0000000085800000|  0%| F|  |TS  0|AC  0|TAMS 0x0000000085700000, 0x0000000085700000|
|  78|0x0000000085800000, 0x0000000085800000, 0x0000000085900000|  0%| F|  |TS  0|AC  0|TAMS 0x0000000085800000, 0x0000000085800000|
|  79|0x0000000085900000, 0x0000000085900000, 0x0000000085a00000|  0%| F|  |TS  0|AC  0|TAMS 0x0000000085900000, 0x0000000085900000|
|  80|0x0000000085a00000, 0x0000000085a00000, 0x0000000085b00000|  0%| F|  |TS  0|AC  0|TAMS 0x0000000085a00000, 0x0000000085a00000|
|  81|0x0000000085b00000, 0x0000000085b00000, 0x0000000085c00000|  0%| F|  |TS  0|AC  0|TAMS 0x0000000085b00000, 0x0000000085b00000|
|  82|0x0000000085c00000, 0x0000000085c00000, 0x0000000085d00000|  0%| F|  |TS  0|AC  0|TAMS 0x0000000085c00000, 0x0000000085c00000|
|  83|0x0000000085d00000, 0x0000000085d00000, 0x0000000085e00000|  0%| F|  |TS  0|AC  0|TAMS 0x0000000085d00000, 0x0000000085d00000|
|  84|0x0000000085e00000, 0x0000000085e00000, 0x0000000085f00000|  0%| F|  |TS  0|AC  0|TAMS 0x0000000085e00000, 0x0000000085e00000|
|  85|0x0000000085f00000, 0x0000000085f00000, 0x0000000086000000|  0%| F|  |TS  0|AC  0|TAMS 0x0000000085f00000, 0x0000000085f00000|
|  86|0x0000000086000000, 0x0000000086000000, 0x0000000086100000|  0%| F|  |TS  0|AC  0|TAMS 0x0000000086000000, 0x0000000086000000|
|  87|0x0000000086100000, 0x0000000086100000, 0x0000000086200000|  0%| F|  |TS  0|AC  0|TAMS 0x0000000086100000, 0x0000000086100000|
|  88|0x0000000086200000, 0x0000000086200000, 0x0000000086300000|  0%| F|  |TS  0|AC  0|TAMS 0x0000000086200000, 0x0000000086200000|
|  89|0x0000000086300000, 0x0000000086300000, 0x0000000086400000|  0%| F|  |TS  0|AC  0|TAMS 0x0000000086300000, 0x0000000086300000|
|  90|0x0000000086400000, 0x0000000086400000, 0x0000000086500000|  0%| F|  |TS  0|AC  0|TAMS 0x0000000086400000, 0x0000000086400000|
|  91|0x0000000086500000, 0x0000000086500000, 0x0000000086600000|  0%| F|  |TS  0|AC  0|TAMS 0x0000000086500000, 0x0000000086500000|
|  92|0x0000000086600000, 0x0000000086600000, 0x0000000086700000|  0%| F|  |TS  0|AC  0|TAMS 0x0000000086600000, 0x0000000086600000|
|  93|0x0000000086700000, 0x0000000086700000, 0x0000000086800000|  0%| F|  |TS  0|AC  0|TAMS 0x0000000086700000, 0x0000000086700000|
|  94|0x0000000086800000, 0x0000000086800000, 0x0000000086900000|  0%| F|  |TS  0|AC  0|TAMS 0x0000000086800000, 0x0000000086800000|
|  95|0x0000000086900000, 0x0000000086900000, 0x0000000086a00000|  0%| F|  |TS  0|AC  0|TAMS 0x0000000086900000, 0x0000000086900000|
|  96|0x0000000086a00000, 0x0000000086a00000, 0x0000000086b00000|  0%| F|  |TS  0|AC  0|TAMS 0x0000000086a00000, 0x0000000086a00000|
|  97|0x0000000086b00000, 0x0000000086b00000, 0x0000000086c00000|  0%| F|  |TS  0|AC  0|TAMS 0x0000000086b00000, 0x0000000086b00000|
|  98|0x0000000086c00000, 0x0000000086c00000, 0x0000000086d00000|  0%| F|  |TS  0|AC  0|TAMS 0x0000000086c00000, 0x0000000086c00000|
|  99|0x0000000086d00000, 0x0000000086d00000, 0x0000000086e00000|  0%| F|  |TS  0|AC  0|TAMS 0x0000000086d00000, 0x0000000086d00000|
| 100|0x0000000086e00000, 0x0000000086e00000, 0x0000000086f00000|  0%| F|  |TS  0|AC  0|TAMS 0x0000000086e00000, 0x0000000086e00000|
| 101|0x0000000086f00000, 0x0000000087000000, 0x0000000087000000|100%| S|CS|TS  1|AC  0|TAMS 0x0000000086f00000, 0x0000000086f00000|
| 102|0x0000000087000000, 0x0000000087100000, 0x0000000087100000|100%| S|CS|TS  1|AC  0|TAMS 0x0000000087000000, 0x0000000087000000|
| 103|0x0000000087100000, 0x0000000087200000, 0x0000000087200000|100%| S|CS|TS  1|AC  0|TAMS 0x0000000087100000, 0x0000000087100000|
| 104|0x0000000087200000, 0x0000000087200000, 0x0000000087300000|  0%| F|  |TS  1|AC  0|TAMS 0x0000000087200000, 0x0000000087200000|
| 105|0x0000000087300000, 0x0000000087300000, 0x0000000087400000|  0%| F|  |TS  1|AC  0|TAMS 0x0000000087300000, 0x0000000087300000|
| 106|0x0000000087400000, 0x0000000087400000, 0x0000000087500000|  0%| F|  |TS  1|AC  0|TAMS 0x0000000087400000, 0x0000000087400000|
| 107|0x0000000087500000, 0x0000000087500000, 0x0000000087600000|  0%| F|  |TS  1|AC  0|TAMS 0x0000000087500000, 0x0000000087500000|
| 108|0x0000000087600000, 0x0000000087600000, 0x0000000087700000|  0%| F|  |TS  1|AC  0|TAMS 0x0000000087600000, 0x0000000087600000|
| 109|0x0000000087700000, 0x0000000087700000, 0x0000000087800000|  0%| F|  |TS  1|AC  0|TAMS 0x0000000087700000, 0x0000000087700000|
| 110|0x0000000087800000, 0x0000000087800000, 0x0000000087900000|  0%| F|  |TS  1|AC  0|TAMS 0x0000000087800000, 0x0000000087800000|
| 111|0x0000000087900000, 0x0000000087900000, 0x0000000087a00000|  0%| F|  |TS  1|AC  0|TAMS 0x0000000087900000, 0x0000000087900000|
| 112|0x0000000087a00000, 0x0000000087a00000, 0x0000000087b00000|  0%| F|  |TS  1|AC  0|TAMS 0x0000000087a00000, 0x0000000087a00000|
| 113|0x0000000087b00000, 0x0000000087b00000, 0x0000000087c00000|  0%| F|  |TS  1|AC  0|TAMS 0x0000000087b00000, 0x0000000087b00000|
| 114|0x0000000087c00000, 0x0000000087c00000, 0x0000000087d00000|  0%| F|  |TS  1|AC  0|TAMS 0x0000000087c00000, 0x0000000087c00000|
| 115|0x0000000087d00000, 0x0000000087d00000, 0x0000000087e00000|  0%| F|  |TS  1|AC  0|TAMS 0x0000000087d00000, 0x0000000087d00000|
| 116|0x0000000087e00000, 0x0000000087e00000, 0x0000000087f00000|  0%| F|  |TS  1|AC  0|TAMS 0x0000000087e00000, 0x0000000087e00000|
| 117|0x0000000087f00000, 0x0000000087f00000, 0x0000000088000000|  0%| F|  |TS  1|AC  0|TAMS 0x0000000087f00000, 0x0000000087f00000|
| 118|0x0000000088000000, 0x0000000088000000, 0x0000000088100000|  0%| F|  |TS  1|AC  0|TAMS 0x0000000088000000, 0x0000000088000000|
| 119|0x0000000088100000, 0x0000000088100000, 0x0000000088200000|  0%| F|  |TS  1|AC  0|TAMS 0x0000000088100000, 0x0000000088100000|
| 120|0x0000000088200000, 0x00000000882becc0, 0x0000000088300000| 74%| E|  |TS  1|AC  0|TAMS 0x0000000088200000, 0x0000000088200000|
| 121|0x0000000088300000, 0x0000000088400000, 0x0000000088400000|100%| E|CS|TS  1|AC  0|TAMS 0x0000000088300000, 0x0000000088300000|
| 122|0x0000000088400000, 0x0000000088500000, 0x0000000088500000|100%| E|CS|TS  1|AC  0|TAMS 0x0000000088400000, 0x0000000088400000|
| 123|0x0000000088500000, 0x0000000088600000, 0x0000000088600000|100%| E|CS|TS  1|AC  0|TAMS 0x0000000088500000, 0x0000000088500000|
| 124|0x0000000088600000, 0x0000000088700000, 0x0000000088700000|100%| E|CS|TS  1|AC  0|TAMS 0x0000000088600000, 0x0000000088600000|
| 125|0x0000000088700000, 0x0000000088800000, 0x0000000088800000|100%| E|CS|TS  1|AC  0|TAMS 0x0000000088700000, 0x0000000088700000|
| 126|0x0000000088800000, 0x0000000088900000, 0x0000000088900000|100%| E|CS|TS  1|AC  0|TAMS 0x0000000088800000, 0x0000000088800000|
| 127|0x0000000088900000, 0x0000000088a00000, 0x0000000088a00000|100%| E|CS|TS  1|AC  0|TAMS 0x0000000088900000, 0x0000000088900000|

Card table byte_map: [0x0000022fb8d90000,0x0000022fb9190000] byte_map_base: 0x0000022fb898b000

Marking Bits (Prev, Next): (CMBitMap*) 0x0000022fa1f59930, (CMBitMap*) 0x0000022fa1f59968
 Prev Bits: [0x0000022fb9590000, 0x0000022fbb568000)
 Next Bits: [0x0000022fbb570000, 0x0000022fbd548000)

Polling page: 0x0000022f9f920000

CodeHeap 'non-profiled nmethods': size=120000Kb used=1019Kb max_used=1019Kb free=118980Kb
 bounds [0x0000022fb1130000, 0x0000022fb13a0000, 0x0000022fb8660000]
CodeHeap 'profiled nmethods': size=120000Kb used=5570Kb max_used=5570Kb free=114429Kb
 bounds [0x0000022fa9c00000, 0x0000022faa180000, 0x0000022fb1130000]
CodeHeap 'non-nmethods': size=5760Kb used=1258Kb max_used=1289Kb free=4501Kb
 bounds [0x0000022fa9660000, 0x0000022fa98d0000, 0x0000022fa9c00000]
 total_blobs=3960 nmethods=2791 adapters=556
 compilation: enabled

Compilation events (10 events):
Event: 137.132 Thread 0x0000022fc08b4000 2781       3       java.util.concurrent.locks.AbstractQueuedSynchronizer::shouldParkAfterFailedAcquire (50 bytes)
Event: 137.132 Thread 0x0000022fc08b4000 nmethod 2781 0x0000022faa168690 code [0x0000022faa1688e0, 0x0000022faa169230]
Event: 137.770 Thread 0x0000022fc08b0000 2782       4       java.security.ProtectionDomain$JavaSecurityAccessImpl::getCombinedACC (30 bytes)
Event: 137.778 Thread 0x0000022fc08b0000 nmethod 2782 0x0000022fb122af90 code [0x0000022fb122b180, 0x0000022fb122b930]
Event: 137.811 Thread 0x0000022fc08af000 2783       4       java.lang.Thread::isInterrupted (6 bytes)
Event: 137.812 Thread 0x0000022fc08af000 nmethod 2783 0x0000022fb122bd90 code [0x0000022fb122bf20, 0x0000022fb122bfc8]
Event: 138.245 Thread 0x0000022fc08b4000 2784       1       java.awt.Component::postsOldMouseEvents (2 bytes)
Event: 138.245 Thread 0x0000022fc08b4000 nmethod 2784 0x0000022fb122c090 code [0x0000022fb122c240, 0x0000022fb122c358]
Event: 138.812 Thread 0x0000022fc08ae800 2785       4       java.awt.Toolkit$SelectiveAWTEventListener::eventDispatched (745 bytes)
Event: 138.815 Thread 0x0000022fc08ae800 nmethod 2785 0x0000022fb122c410 code [0x0000022fb122c5e0, 0x0000022fb122cc58]

GC Heap History (2 events):
Event: 97.771 GC heap before
{Heap before GC invocations=0 (full 0):
 garbage-first heap   total 131072K, used 25600K [0x0000000080a00000, 0x0000000100000000)
  region size 1024K, 24 young (24576K), 0 survivors (0K)
 Metaspace       used 18839K, capacity 19221K, committed 19584K, reserved 1067008K
  class space    used 2248K, capacity 2428K, committed 2432K, reserved 1048576K
}
Event: 97.775 GC heap after
{Heap after GC invocations=1 (full 0):
 garbage-first heap   total 131072K, used 3877K [0x0000000080a00000, 0x0000000100000000)
  region size 1024K, 3 young (3072K), 3 survivors (3072K)
 Metaspace       used 18839K, capacity 19221K, committed 19584K, reserved 1067008K
  class space    used 2248K, capacity 2428K, committed 2432K, reserved 1048576K
}

Deoptimization events (10 events):
Event: 97.926 Thread 0x0000022fc0a2d800 Uncommon trap: reason=class_check action=maybe_recompile pc=0x0000022fb11b09d4 method=jdk.internal.logger.AbstractLoggerWrapper.isLoggable(Lsun/util/logging/PlatformLogger$Level;)Z @ 20 c2
Event: 97.926 Thread 0x0000022fc0a2d800 Uncommon trap: reason=class_check action=maybe_recompile pc=0x0000022fb11b09d4 method=jdk.internal.logger.AbstractLoggerWrapper.isLoggable(Lsun/util/logging/PlatformLogger$Level;)Z @ 20 c2
Event: 97.927 Thread 0x0000022fc0a2d800 Uncommon trap: reason=class_check action=maybe_recompile pc=0x0000022fb11b09d4 method=jdk.internal.logger.AbstractLoggerWrapper.isLoggable(Lsun/util/logging/PlatformLogger$Level;)Z @ 20 c2
Event: 97.927 Thread 0x0000022fc0a2d800 Uncommon trap: reason=class_check action=maybe_recompile pc=0x0000022fb11b09d4 method=jdk.internal.logger.AbstractLoggerWrapper.isLoggable(Lsun/util/logging/PlatformLogger$Level;)Z @ 20 c2
Event: 103.036 Thread 0x0000022fc0a2d800 Uncommon trap: reason=class_check action=maybe_recompile pc=0x0000022fb11a8a70 method=jdk.internal.logger.AbstractLoggerWrapper.isLoggable(Lsun/util/logging/PlatformLogger$Level;)Z @ 20 c2
Event: 123.111 Thread 0x0000022fc0a2d800 Uncommon trap: reason=unstable_if action=reinterpret pc=0x0000022fb1205920 method=java.lang.CharacterDataLatin1.isWhitespace(I)Z @ 14 c2
Event: 123.116 Thread 0x0000022fc0a2d800 Uncommon trap: reason=class_check action=maybe_recompile pc=0x0000022fb1219584 method=java.util.HashSet.add(Ljava/lang/Object;)Z @ 8 c2
Event: 123.116 Thread 0x0000022fc0a2d800 Uncommon trap: reason=class_check action=maybe_recompile pc=0x0000022fb1219584 method=java.util.HashSet.add(Ljava/lang/Object;)Z @ 8 c2
Event: 123.116 Thread 0x0000022fc0a2d800 Uncommon trap: reason=class_check action=maybe_recompile pc=0x0000022fb1219584 method=java.util.HashSet.add(Ljava/lang/Object;)Z @ 8 c2
Event: 123.116 Thread 0x0000022fc0a2d800 Uncommon trap: reason=class_check action=maybe_recompile pc=0x0000022fb1219584 method=java.util.HashSet.add(Ljava/lang/Object;)Z @ 8 c2

Classes redefined (0 events):
No events

Internal exceptions (10 events):
Event: 0.542 Thread 0x0000022fa1eb1000 Exception <a 'java/lang/NoSuchMethodError'{0x0000000087ff6598}: java.lang.invoke.DirectMethodHandle$Holder.invokeStatic(Ljava/lang/Object;Ljava/lang/Object;Ljava/lang/Object;Ljava/lang/Object;Ljava/lang/Object;Ljava/lang/Object;Ljava/lang/Object;Ljava/lan
Event: 0.542 Thread 0x0000022fa1eb1000 Exception <a 'java/lang/NoSuchMethodError'{0x0000000087e19e88}: java.lang.invoke.DirectMethodHandle$Holder.invokeStatic(Ljava/lang/Object;Ljava/lang/Object;Ljava/lang/Object;Ljava/lang/Object;Ljava/lang/Object;Ljava/lang/Object;Ljava/lang/Object;Ljava/lan
Event: 0.649 Thread 0x0000022fc0a2d800 Exception <a 'java/lang/NoSuchMethodError'{0x00000000881e78a0}: java.lang.invoke.DirectMethodHandle$Holder.invokeStaticInit(Ljava/lang/Object;)V> (0x00000000881e78a0) thrown at [t:/workspace/open/src/hotspot/share/interpreter/linkResolver.cpp, line 741]
Event: 69.771 Thread 0x0000022fc866b800 Exception <a 'java/lang/NoSuchMethodError'{0x00000000878fd168}: method resolution failed> (0x00000000878fd168) thrown at [t:/workspace/open/src/hotspot/share/prims/methodHandles.cpp, line 1226]
Event: 69.772 Thread 0x0000022fc866b800 Exception <a 'java/lang/NoSuchMethodError'{0x00000000877052d8}: method resolution failed> (0x00000000877052d8) thrown at [t:/workspace/open/src/hotspot/share/prims/methodHandles.cpp, line 1226]
Event: 97.680 Thread 0x0000022fc866a000 Exception <a 'java/lang/NoSuchMethodError'{0x000000008756c9b0}: java.lang.Object.lambda$union$2(Ljava/util/regex/Pattern$CharPredicate;I)Z> (0x000000008756c9b0) thrown at [t:/workspace/open/src/hotspot/share/interpreter/linkResolver.cpp, line 741]
Event: 97.703 Thread 0x0000022fc866a000 Exception <a 'org/jnetpcap/packet/UnregisteredHeaderException'{0x00000000874437c8}: native scanner not registered under ID=15 (WEB_IMAGE)> (0x00000000874437c8) thrown at [t:/workspace/open/src/hotspot/share/prims/jni.cpp, line 632]
Event: 97.712 Thread 0x0000022fc866a000 Exception <a 'java/lang/NoSuchMethodError'{0x000000008747c1c8}: method resolution failed> (0x000000008747c1c8) thrown at [t:/workspace/open/src/hotspot/share/prims/methodHandles.cpp, line 1226]
Event: 97.714 Thread 0x0000022fc866a000 Exception <a 'java/lang/NoSuchMethodError'{0x0000000087487da0}: java.lang.invoke.DirectMethodHandle$Holder.invokeStatic(Ljava/lang/Object;Ljava/lang/Object;)I> (0x0000000087487da0) thrown at [t:/workspace/open/src/hotspot/share/interpreter/linkResolver.cp
Event: 97.715 Thread 0x0000022fc866a000 Exception <a 'java/lang/NoSuchMethodError'{0x0000000087494f50}: java.lang.Object.of([Ljava/lang/Object;)Ljava/util/stream/Stream;> (0x0000000087494f50) thrown at [t:/workspace/open/src/hotspot/share/interpreter/linkResolver.cpp, line 741]

Events (10 events):
Event: 123.130 loading class java/io/ObjectInputStream done
Event: 123.130 loading class java/lang/CloneNotSupportedException
Event: 123.130 loading class java/lang/CloneNotSupportedException done
Event: 123.130 loading class java/io/ObjectStreamClass$FieldReflectorKey
Event: 123.130 loading class java/io/ObjectStreamClass$FieldReflectorKey done
Event: 123.130 loading class java/io/ObjectStreamClass$FieldReflector
Event: 123.130 loading class java/io/ObjectStreamClass$FieldReflector done
Event: 124.565 loading class java/io/StringReader
Event: 124.565 loading class java/io/StringReader done
Event: 137.117 Thread 0x0000022fc8672000 Thread added: 0x0000022fc8672000


Dynamic libraries:
0x00007ff6b7ea0000 - 0x00007ff6b7ede000 	C:\Program Files\Java\jre-10.0.2\bin\javaw.exe
0x00007ff832230000 - 0x00007ff832411000 	C:\WINDOWS\SYSTEM32\ntdll.dll
0x00007ff8307e0000 - 0x00007ff830892000 	C:\WINDOWS\System32\KERNEL32.DLL
0x00007ff82f190000 - 0x00007ff82f403000 	C:\WINDOWS\System32\KERNELBASE.dll
0x00007ff830730000 - 0x00007ff8307d1000 	C:\WINDOWS\System32\ADVAPI32.dll
0x00007ff8308a0000 - 0x00007ff83093e000 	C:\WINDOWS\System32\msvcrt.dll
0x00007ff82f8d0000 - 0x00007ff82f92b000 	C:\WINDOWS\System32\sechost.dll
0x00007ff8320d0000 - 0x00007ff8321f4000 	C:\WINDOWS\System32\RPCRT4.dll
0x00007ff830210000 - 0x00007ff8303a0000 	C:\WINDOWS\System32\USER32.dll
0x00007ff82f5f0000 - 0x00007ff82f610000 	C:\WINDOWS\System32\win32u.dll
0x00007ff82f8a0000 - 0x00007ff82f8c8000 	C:\WINDOWS\System32\GDI32.dll
0x00007ff82e6f0000 - 0x00007ff82e882000 	C:\WINDOWS\System32\gdi32full.dll
0x00007ff82e650000 - 0x00007ff82e6ef000 	C:\WINDOWS\System32\msvcp_win.dll
0x00007ff82f410000 - 0x00007ff82f50a000 	C:\WINDOWS\System32\ucrtbase.dll
0x00007ff8263a0000 - 0x00007ff826609000 	C:\WINDOWS\WinSxS\amd64_microsoft.windows.common-controls_6595b64144ccf1df_6.0.17134.228_none_fb4599993062b194\COMCTL32.dll
0x00007ff82a060000 - 0x00007ff82a06a000 	C:\WINDOWS\SYSTEM32\VERSION.dll
0x00007ff830400000 - 0x00007ff830723000 	C:\WINDOWS\System32\combase.dll
0x00007ff82f570000 - 0x00007ff82f5ea000 	C:\WINDOWS\System32\bcryptPrimitives.dll
0x00007ff82f870000 - 0x00007ff82f89d000 	C:\WINDOWS\System32\IMM32.DLL
0x00007ffffd460000 - 0x00007ffffd54f000 	C:\Program Files\Java\jre-10.0.2\bin\msvcr120.dll
0x00007ffffa720000 - 0x00007ffffa7c6000 	C:\Program Files\Java\jre-10.0.2\bin\msvcp120.dll
0x0000000061ff0000 - 0x0000000062a60000 	C:\Program Files\Java\jre-10.0.2\bin\server\jvm.dll
0x00007ff830080000 - 0x00007ff830088000 	C:\WINDOWS\System32\PSAPI.DLL
0x00007ff82b3e0000 - 0x00007ff82b403000 	C:\WINDOWS\SYSTEM32\WINMM.dll
0x00007ff81da10000 - 0x00007ff81da19000 	C:\WINDOWS\SYSTEM32\WSOCK32.dll
0x00007ff831fb0000 - 0x00007ff83201c000 	C:\WINDOWS\System32\WS2_32.dll
0x00007ff82b3b0000 - 0x00007ff82b3da000 	C:\WINDOWS\SYSTEM32\WINMMBASE.dll
0x00007ff82e600000 - 0x00007ff82e649000 	C:\WINDOWS\System32\cfgmgr32.dll
0x00007ff82b3a0000 - 0x00007ff82b3af000 	C:\Program Files\Java\jre-10.0.2\bin\verify.dll
0x00007ff81db30000 - 0x00007ff81dcf9000 	C:\WINDOWS\SYSTEM32\DBGHELP.DLL
0x00007ff81cee0000 - 0x00007ff81cf09000 	C:\WINDOWS\SYSTEM32\dbgcore.DLL
0x00007ffffd5d0000 - 0x00007ffffd5f7000 	C:\Program Files\Java\jre-10.0.2\bin\java.dll
0x00007ffffd440000 - 0x00007ffffd456000 	C:\Program Files\Java\jre-10.0.2\bin\zip.dll
0x00007ff815ab0000 - 0x00007ff815aba000 	C:\Program Files\Java\jre-10.0.2\bin\jimage.dll
0x00007ff8309a0000 - 0x00007ff831de0000 	C:\WINDOWS\System32\SHELL32.dll
0x00007ff82f930000 - 0x00007ff82f9d9000 	C:\WINDOWS\System32\shcore.dll
0x00007ff82ea80000 - 0x00007ff82f18d000 	C:\WINDOWS\System32\windows.storage.dll
0x00007ff830940000 - 0x00007ff830991000 	C:\WINDOWS\System32\shlwapi.dll
0x00007ff82e5c0000 - 0x00007ff82e5d1000 	C:\WINDOWS\System32\kernel.appcore.dll
0x00007ff82e5a0000 - 0x00007ff82e5bf000 	C:\WINDOWS\System32\profapi.dll
0x00007ff82e540000 - 0x00007ff82e58c000 	C:\WINDOWS\System32\powrprof.dll
0x00007ff82e590000 - 0x00007ff82e59a000 	C:\WINDOWS\System32\FLTLIB.DLL
0x00007ffffd420000 - 0x00007ffffd43a000 	C:\Program Files\Java\jre-10.0.2\bin\net.dll
0x00007ff82ac20000 - 0x00007ff82acfc000 	C:\WINDOWS\SYSTEM32\WINHTTP.dll
0x00007ff82ddc0000 - 0x00007ff82de26000 	C:\WINDOWS\system32\mswsock.dll
0x00007ffffd130000 - 0x00007ffffd141000 	C:\Program Files\Java\jre-10.0.2\bin\nio.dll
0x00007fffe1b80000 - 0x00007fffe1d1b000 	C:\Program Files\Java\jre-10.0.2\bin\awt.dll
0x00007ff831de0000 - 0x00007ff831ea2000 	C:\WINDOWS\System32\OLEAUT32.dll
0x00007ff82bc10000 - 0x00007ff82c1d7000 	C:\WINDOWS\SYSTEM32\d2d1.dll
0x00007ff82c8f0000 - 0x00007ff82c97b000 	C:\WINDOWS\SYSTEM32\apphelp.dll
0x0000000063b40000 - 0x0000000063bc0000 	E:\eclipse-workspace\static routing\static routing\jnetpcap.dll
0x0000000180000000 - 0x0000000180065000 	C:\WINDOWS\SYSTEM32\wpcap.dll
0x00007ff82db40000 - 0x00007ff82db78000 	C:\WINDOWS\SYSTEM32\iphlpapi.dll
0x0000022fc1630000 - 0x0000022fc164f000 	C:\WINDOWS\SYSTEM32\packet.dll
0x00007ff8320c0000 - 0x00007ff8320c8000 	C:\WINDOWS\System32\NSI.dll
0x00007ff829200000 - 0x00007ff829216000 	C:\WINDOWS\SYSTEM32\dhcpcsvc6.DLL
0x00007ff8291b0000 - 0x00007ff8291ca000 	C:\WINDOWS\SYSTEM32\dhcpcsvc.DLL
0x00007ff82ccd0000 - 0x00007ff82ccf9000 	C:\WINDOWS\system32\DWMAPI.DLL
0x00007ff82cbf0000 - 0x00007ff82cc88000 	C:\WINDOWS\system32\uxtheme.dll
0x00007ffff7330000 - 0x00007ffff7450000 	C:\WINDOWS\system32\opengl32.dll
0x00007ff8035d0000 - 0x00007ff8035fc000 	C:\WINDOWS\SYSTEM32\GLU32.dll
0x00007ff830090000 - 0x00007ff830205000 	C:\WINDOWS\System32\MSCTF.dll
0x00007ff801c00000 - 0x00007ff801c38000 	C:\WINDOWS\system32\IMGSF50Filter_x64.dll
0x00007ff82f9e0000 - 0x00007ff82fb31000 	C:\WINDOWS\System32\ole32.dll
0x0000000064410000 - 0x00000000644e3000 	C:\WINDOWS\WinSxS\amd64_microsoft.vc90.crt_1fc8b3b9a1e18e3b_9.0.30729.9415_none_08e0c10ba840a28a\MSVCP90.dll
0x00000000644f0000 - 0x0000000064593000 	C:\WINDOWS\WinSxS\amd64_microsoft.vc90.crt_1fc8b3b9a1e18e3b_9.0.30729.9415_none_08e0c10ba840a28a\MSVCR90.dll
0x00007ffff4600000 - 0x00007ffff4797000 	C:\WINDOWS\system32\d3d9.dll
0x00007ff828780000 - 0x00007ff82886a000 	C:\WINDOWS\System32\DriverStore\FileRepository\nv_ref_pubwu.inf_amd64_2e7fa54192fe16d0\nvldumdx.dll
0x00007ff82e890000 - 0x00007ff82ea72000 	C:\WINDOWS\System32\crypt32.dll
0x00007ff82e5e0000 - 0x00007ff82e5f2000 	C:\WINDOWS\System32\MSASN1.dll
0x00007ff82df70000 - 0x00007ff82df87000 	C:\WINDOWS\SYSTEM32\CRYPTSP.dll
0x00007ff82d9a0000 - 0x00007ff82d9d3000 	C:\WINDOWS\system32\rsaenh.dll
0x00007ff82e0a0000 - 0x00007ff82e0c5000 	C:\WINDOWS\SYSTEM32\bcrypt.dll
0x00007ff82df90000 - 0x00007ff82df9b000 	C:\WINDOWS\SYSTEM32\CRYPTBASE.dll
0x00007fffeb740000 - 0x00007fffec916000 	C:\WINDOWS\System32\DriverStore\FileRepository\nv_ref_pubwu.inf_amd64_2e7fa54192fe16d0\nvd3dumx.dll
0x00007ff818d60000 - 0x00007ff818f35000 	C:\WINDOWS\system32\nvspcap64.dll
0x00007ff82fb40000 - 0x00007ff82ff8b000 	C:\WINDOWS\System32\SETUPAPI.dll
0x00007ff82aba0000 - 0x00007ff82abb3000 	C:\WINDOWS\SYSTEM32\WTSAPI32.dll
0x00007ff823900000 - 0x00007ff823d80000 	C:\WINDOWS\system32\nvapi64.dll
0x00007ff82d300000 - 0x00007ff82d3bb000 	C:\WINDOWS\SYSTEM32\dxgi.dll
0x00007ff8241a0000 - 0x00007ff82428b000 	C:\Program Files (x86)\NVIDIA Corporation\3D Vision\nvSCPAPI64.dll
0x00007ffffa6b0000 - 0x00007ffffa715000 	C:\Program Files\Java\jre-10.0.2\bin\fontmanager.dll
0x00007ffffa660000 - 0x00007ffffa6a2000 	C:\Program Files\Java\jre-10.0.2\bin\t2k.dll
0x00007ff832020000 - 0x00007ff8320c0000 	C:\WINDOWS\System32\clbcatq.dll
0x00007ff829eb0000 - 0x00007ff82a05e000 	C:\WINDOWS\SYSTEM32\WindowsCodecs.dll
0x00007ff815660000 - 0x00007ff8156b8000 	C:\WINDOWS\system32\dataexchange.dll
0x00007ff82c1e0000 - 0x00007ff82c37c000 	C:\WINDOWS\system32\dcomp.dll
0x00007ff82b900000 - 0x00007ff82bc0b000 	C:\WINDOWS\system32\d3d11.dll
0x00007ff82cde0000 - 0x00007ff82cf98000 	C:\WINDOWS\system32\twinapi.appcore.dll
0x00007ff82cdb0000 - 0x00007ff82cdd1000 	C:\WINDOWS\system32\RMCLIENT.dll
0x00007ff81c790000 - 0x00007ff81c827000 	C:\WINDOWS\System32\TextInputFramework.dll
0x00007ff8296b0000 - 0x00007ff8299ce000 	C:\WINDOWS\System32\CoreUIComponents.dll
0x00007ff82c6c0000 - 0x00007ff82c79a000 	C:\WINDOWS\System32\CoreMessaging.dll
0x00007ff82d630000 - 0x00007ff82d661000 	C:\WINDOWS\SYSTEM32\ntmarta.dll
0x00007ff829bb0000 - 0x00007ff829cfd000 	C:\WINDOWS\SYSTEM32\wintypes.dll
0x00007fffffdb0000 - 0x00007fffffe81000 	C:\Windows\System32\IME\IMEKR\imkrtip.dll
0x00007ff82a7e0000 - 0x00007ff82a994000 	C:\WINDOWS\SYSTEM32\PROPSYS.dll
0x00007fffffc50000 - 0x00007fffffda6000 	C:\Windows\System32\IME\shared\imetip.dll
0x00007ff81df60000 - 0x00007ff81e10b000 	C:\WINDOWS\SYSTEM32\DUI70.dll
0x00007ff824510000 - 0x00007ff82457b000 	C:\WINDOWS\SYSTEM32\OLEACC.dll
0x00007ff800070000 - 0x00007ff8000ad000 	C:\Windows\System32\IME\IMEKR\imkrapi.dll
0x00007ff800030000 - 0x00007ff800070000 	C:\Windows\System32\IME\shared\imjkapi.dll

dbghelp: loaded successfully - version: 4.0.5 - missing functions: none
symbol engine: initialized successfully - sym options: 0x614 - pdb path: .;C:\Program Files\Java\jre-10.0.2\bin;C:\WINDOWS\SYSTEM32;C:\WINDOWS\WinSxS\amd64_microsoft.windows.common-controls_6595b64144ccf1df_6.0.17134.228_none_fb4599993062b194;C:\Program Files\Java\jre-10.0.2\bin\server;E:\eclipse-workspace\static routing\static routing;C:\WINDOWS\WinSxS\amd64_microsoft.vc90.crt_1fc8b3b9a1e18e3b_9.0.30729.9415_none_08e0c10ba840a28a;C:\WINDOWS\System32\DriverStore\FileRepository\nv_ref_pubwu.inf_amd64_2e7fa54192fe16d0;C:\Program Files (x86)\NVIDIA Corporation\3D Vision;C:\Windows\System32\IME\IMEKR;C:\Windows\System32\IME\shared

VM Arguments:
jvm_args: -Dfile.encoding=UTF-8 
java_command: Router.ApplicationLayer
java_class_path (initial): E:\eclipse-workspace\static routing\static routing\bin;E:\eclipse-workspace\static routing\static routing\jnetpcap.jar
Launcher Type: SUN_STANDARD

Logging:
Log output configuration:
#0: stdout all=warning uptime,level,tags
#1: stderr all=off uptime,level,tags

Environment Variables:
JAVA_HOME=C:\Program Files\Java\jdk-10.0.2
PATH=C:/Program Files/Java/jdk-10.0.2/bin/server;C:/Program Files/Java/jdk-10.0.2/bin;C:\Program Files\Java\jdk-10.0.2\bin;C:\Program Files (x86)\Common Files\Oracle\Java\javapath;C:\ProgramData\Oracle\Java\javapath;C:\Windows\system32;C:\Windows;C:\Windows\System32\Wbem;C:\Windows\System32\WindowsPowerShell\v1.0\;C:\Program Files (x86)\NVIDIA Corporation\PhysX\Common;C:\WINDOWS\system32;C:\WINDOWS;C:\WINDOWS\System32\Wbem;C:\WINDOWS\System32\WindowsPowerShell\v1.0\;C:\Program Files\PuTTY\;C:\Program Files (x86)\Microsoft SQL Server\100\Tools\Binn\;C:\Program Files\Microsoft SQL Server\100\Tools\Binn\;C:\Program Files\Microsoft SQL Server\100\DTS\Binn\;C:\WINDOWS\System32\OpenSSH\;C:\texlive\2018\bin\win32;C:\Users\hccho\AppData\Local\Microsoft\WindowsApps;;E:\eclipse-jee-photon-R-win32-x86_64\eclipse;
USERNAME=hccho
OS=Windows_NT
PROCESSOR_IDENTIFIER=Intel64 Family 6 Model 94 Stepping 3, GenuineIntel



---------------  S Y S T E M  ---------------

OS: Windows 10 , 64 bit Build 17134 (10.0.17134.1)

CPU:total 8 (initial active 8) (4 cores per cpu, 2 threads per core) family 6 model 94 stepping 3, cmov, cx8, fxsr, mmx, sse, sse2, sse3, ssse3, sse4.1, sse4.2, popcnt, avx, avx2, aes, clmul, erms, rtm, 3dnowpref, lzcnt, ht, tsc, tscinvbit, bmi1, bmi2, adx, fma

Memory: 4k page, physical 8343520k(1388312k free), swap 12491564k(1612788k free)

vm_info: Java HotSpot(TM) 64-Bit Server VM (10.0.2+13) for windows-amd64 JRE (10.0.2+13), built on Jun 28 2018 01:57:56 by "mach5one" with MS VC++ 12.0 (VS2013)

END.
